{"/home/travis/build/npmtest/node-npmtest-blynk-library/test.js":{"path":"/home/travis/build/npmtest/node-npmtest-blynk-library/test.js","s":{"1":2,"2":2,"3":2,"4":2,"5":2,"6":2,"7":2,"8":1,"9":2,"10":2,"11":1,"12":1,"13":1,"14":1,"15":2,"16":2,"17":2,"18":2,"19":1,"20":1,"21":2,"22":2,"23":2,"24":1,"25":1,"26":1,"27":1,"28":1,"29":1,"30":1,"31":1,"32":1,"33":1,"34":1,"35":1,"36":1,"37":1,"38":1,"39":2,"40":2,"41":1,"42":2,"43":2,"44":1,"45":2,"46":2,"47":1,"48":2,"49":2,"50":1,"51":1,"52":1,"53":1,"54":1},"b":{"1":[2,1,1,1],"2":[1,1,1,1],"3":[1,1],"4":[1,1],"5":[1,1],"6":[1,1],"7":[1,1],"8":[1,1],"9":[1,1],"10":[1,1,1],"11":[1,1],"12":[1,1],"13":[1,1],"14":[1,1],"15":[1,1],"16":[1,1],"17":[1,1]},"f":{"1":2,"2":2,"3":2,"4":2,"5":2,"6":1,"7":1,"8":1,"9":2,"10":2,"11":2,"12":2,"13":1},"fnMap":{"1":{"name":"(anonymous_1)","line":12,"loc":{"start":{"line":12,"column":1},"end":{"line":12,"column":13}}},"2":{"name":"(anonymous_2)","line":19,"loc":{"start":{"line":19,"column":5},"end":{"line":19,"column":17}}},"3":{"name":"(anonymous_3)","line":23,"loc":{"start":{"line":23,"column":24},"end":{"line":23,"column":36}}},"4":{"name":"(anonymous_4)","line":61,"loc":{"start":{"line":61,"column":5},"end":{"line":61,"column":17}}},"5":{"name":"(anonymous_5)","line":82,"loc":{"start":{"line":82,"column":5},"end":{"line":82,"column":17}}},"6":{"name":"(anonymous_6)","line":91,"loc":{"start":{"line":91,"column":77},"end":{"line":94,"column":10}}},"7":{"name":"(anonymous_7)","line":112,"loc":{"start":{"line":112,"column":83},"end":{"line":115,"column":10}},"skip":true},"8":{"name":"(anonymous_8)","line":123,"loc":{"start":{"line":123,"column":77},"end":{"line":126,"column":10}},"skip":true},"9":{"name":"(anonymous_9)","line":139,"loc":{"start":{"line":139,"column":12},"end":{"line":139,"column":40}},"skip":true},"10":{"name":"(anonymous_10)","line":147,"loc":{"start":{"line":147,"column":77},"end":{"line":150,"column":10}},"skip":true},"11":{"name":"(anonymous_11)","line":158,"loc":{"start":{"line":158,"column":83},"end":{"line":161,"column":10}},"skip":true},"12":{"name":"(anonymous_12)","line":169,"loc":{"start":{"line":169,"column":79},"end":{"line":172,"column":10}},"skip":true},"13":{"name":"(anonymous_13)","line":180,"loc":{"start":{"line":180,"column":75},"end":{"line":183,"column":10}},"skip":true}},"statementMap":{"1":{"start":{"line":12,"column":0},"end":{"line":195,"column":5}},"2":{"start":{"line":14,"column":4},"end":{"line":14,"column":14}},"3":{"start":{"line":19,"column":4},"end":{"line":56,"column":9}},"4":{"start":{"line":21,"column":8},"end":{"line":21,"column":19}},"5":{"start":{"line":23,"column":8},"end":{"line":35,"column":13}},"6":{"start":{"line":24,"column":12},"end":{"line":34,"column":13}},"7":{"start":{"line":25,"column":16},"end":{"line":28,"column":30}},"8":{"start":{"line":30,"column":16},"end":{"line":33,"column":27}},"9":{"start":{"line":37,"column":8},"end":{"line":39,"column":21}},"10":{"start":{"line":40,"column":8},"end":{"line":53,"column":9}},"11":{"start":{"line":43,"column":12},"end":{"line":46,"column":14}},"12":{"start":{"line":47,"column":12},"end":{"line":47,"column":18}},"13":{"start":{"line":50,"column":12},"end":{"line":51,"column":33}},"14":{"start":{"line":52,"column":12},"end":{"line":52,"column":18}},"15":{"start":{"line":55,"column":8},"end":{"line":55,"column":35}},"16":{"start":{"line":61,"column":4},"end":{"line":63,"column":9}},"17":{"start":{"line":62,"column":8},"end":{"line":62,"column":15}},"18":{"start":{"line":64,"column":4},"end":{"line":77,"column":5}},"19":{"start":{"line":70,"column":8},"end":{"line":70,"column":14}},"20":{"start":{"line":76,"column":8},"end":{"line":76,"column":14}},"21":{"start":{"line":82,"column":4},"end":{"line":84,"column":9}},"22":{"start":{"line":83,"column":8},"end":{"line":83,"column":15}},"23":{"start":{"line":85,"column":4},"end":{"line":194,"column":5}},"24":{"start":{"line":91,"column":8},"end":{"line":99,"column":10}},"25":{"start":{"line":98,"column":12},"end":{"line":98,"column":35}},"26":{"start":{"line":102,"column":8},"end":{"line":104,"column":63}},"27":{"start":{"line":105,"column":8},"end":{"line":105,"column":14}},"28":{"start":{"line":112,"column":8},"end":{"line":121,"column":10},"skip":true},"29":{"start":{"line":119,"column":12},"end":{"line":119,"column":55},"skip":true},"30":{"start":{"line":120,"column":12},"end":{"line":120,"column":48},"skip":true},"31":{"start":{"line":123,"column":8},"end":{"line":136,"column":10},"skip":true},"32":{"start":{"line":130,"column":12},"end":{"line":130,"column":76},"skip":true},"33":{"start":{"line":131,"column":12},"end":{"line":131,"column":73},"skip":true},"34":{"start":{"line":132,"column":12},"end":{"line":132,"column":74},"skip":true},"35":{"start":{"line":133,"column":12},"end":{"line":133,"column":79},"skip":true},"36":{"start":{"line":134,"column":12},"end":{"line":134,"column":25},"skip":true},"37":{"start":{"line":135,"column":12},"end":{"line":135,"column":45},"skip":true},"38":{"start":{"line":138,"column":8},"end":{"line":145,"column":14},"skip":true},"39":{"start":{"line":143,"column":16},"end":{"line":143,"column":29},"skip":true},"40":{"start":{"line":144,"column":16},"end":{"line":144,"column":55},"skip":true},"41":{"start":{"line":147,"column":8},"end":{"line":156,"column":10},"skip":true},"42":{"start":{"line":154,"column":12},"end":{"line":154,"column":25},"skip":true},"43":{"start":{"line":155,"column":12},"end":{"line":155,"column":45},"skip":true},"44":{"start":{"line":158,"column":8},"end":{"line":167,"column":10},"skip":true},"45":{"start":{"line":165,"column":12},"end":{"line":165,"column":25},"skip":true},"46":{"start":{"line":166,"column":12},"end":{"line":166,"column":48},"skip":true},"47":{"start":{"line":169,"column":8},"end":{"line":178,"column":10},"skip":true},"48":{"start":{"line":176,"column":12},"end":{"line":176,"column":25},"skip":true},"49":{"start":{"line":177,"column":12},"end":{"line":177,"column":46},"skip":true},"50":{"start":{"line":180,"column":8},"end":{"line":189,"column":10},"skip":true},"51":{"start":{"line":187,"column":12},"end":{"line":187,"column":94},"skip":true},"52":{"start":{"line":188,"column":12},"end":{"line":188,"column":48},"skip":true},"53":{"start":{"line":192,"column":8},"end":{"line":192,"column":35},"skip":true},"54":{"start":{"line":193,"column":8},"end":{"line":193,"column":14},"skip":true}},"branchMap":{"1":{"line":25,"type":"binary-expr","locations":[{"start":{"line":25,"column":23},"end":{"line":25,"column":62}},{"start":{"line":26,"column":20},"end":{"line":26,"column":70}},{"start":{"line":27,"column":20},"end":{"line":27,"column":71}},{"start":{"line":28,"column":20},"end":{"line":28,"column":29}}]},"2":{"line":30,"type":"binary-expr","locations":[{"start":{"line":30,"column":23},"end":{"line":30,"column":37}},{"start":{"line":31,"column":20},"end":{"line":31,"column":61}},{"start":{"line":32,"column":20},"end":{"line":32,"column":70}},{"start":{"line":33,"column":20},"end":{"line":33,"column":26}}]},"3":{"line":37,"type":"cond-expr","locations":[{"start":{"line":38,"column":14},"end":{"line":38,"column":20}},{"start":{"line":39,"column":14},"end":{"line":39,"column":20}}]},"4":{"line":40,"type":"switch","locations":[{"start":{"line":42,"column":8},"end":{"line":47,"column":18}},{"start":{"line":49,"column":8},"end":{"line":52,"column":18}}]},"5":{"line":44,"type":"binary-expr","locations":[{"start":{"line":44,"column":16},"end":{"line":44,"column":44}},{"start":{"line":44,"column":48},"end":{"line":44,"column":66}}]},"6":{"line":50,"type":"binary-expr","locations":[{"start":{"line":50,"column":21},"end":{"line":50,"column":49}},{"start":{"line":50,"column":53},"end":{"line":50,"column":72}}]},"7":{"line":64,"type":"switch","locations":[{"start":{"line":69,"column":4},"end":{"line":70,"column":14}},{"start":{"line":75,"column":4},"end":{"line":76,"column":14}}]},"8":{"line":85,"type":"switch","locations":[{"start":{"line":90,"column":4},"end":{"line":105,"column":14}},{"start":{"line":111,"column":4},"end":{"line":193,"column":14},"skip":true}]},"9":{"line":91,"type":"binary-expr","locations":[{"start":{"line":91,"column":42},"end":{"line":91,"column":73}},{"start":{"line":91,"column":77},"end":{"line":99,"column":9}}]},"10":{"line":102,"type":"binary-expr","locations":[{"start":{"line":102,"column":18},"end":{"line":102,"column":32}},{"start":{"line":103,"column":12},"end":{"line":103,"column":53}},{"start":{"line":104,"column":12},"end":{"line":104,"column":61}}]},"11":{"line":112,"type":"binary-expr","locations":[{"start":{"line":112,"column":45},"end":{"line":112,"column":79},"skip":true},{"start":{"line":112,"column":83},"end":{"line":121,"column":9},"skip":true}]},"12":{"line":123,"type":"binary-expr","locations":[{"start":{"line":123,"column":42},"end":{"line":123,"column":73},"skip":true},{"start":{"line":123,"column":77},"end":{"line":136,"column":9},"skip":true}]},"13":{"line":138,"type":"binary-expr","locations":[{"start":{"line":138,"column":48},"end":{"line":138,"column":85},"skip":true},{"start":{"line":139,"column":12},"end":{"line":145,"column":13},"skip":true}]},"14":{"line":147,"type":"binary-expr","locations":[{"start":{"line":147,"column":42},"end":{"line":147,"column":73},"skip":true},{"start":{"line":147,"column":77},"end":{"line":156,"column":9},"skip":true}]},"15":{"line":158,"type":"binary-expr","locations":[{"start":{"line":158,"column":45},"end":{"line":158,"column":79},"skip":true},{"start":{"line":158,"column":83},"end":{"line":167,"column":9},"skip":true}]},"16":{"line":169,"type":"binary-expr","locations":[{"start":{"line":169,"column":43},"end":{"line":169,"column":75},"skip":true},{"start":{"line":169,"column":79},"end":{"line":178,"column":9},"skip":true}]},"17":{"line":180,"type":"binary-expr","locations":[{"start":{"line":180,"column":41},"end":{"line":180,"column":71},"skip":true},{"start":{"line":180,"column":75},"end":{"line":189,"column":9},"skip":true}]}},"code":["/* istanbul instrument in package npmtest_blynk_library */","/*jslint","    bitwise: true,","    browser: true,","    maxerr: 8,","    maxlen: 96,","    node: true,","    nomen: true,","    regexp: true,","    stupid: true","*/","(function () {","    'use strict';","    var local;","","","","    // run shared js-env code - init-before","    (function () {","        // init local","        local = {};","        // init modeJs","        local.modeJs = (function () {","            try {","                return typeof navigator.userAgent === 'string' &&","                    typeof document.querySelector('body') === 'object' &&","                    typeof XMLHttpRequest.prototype.open === 'function' &&","                    'browser';","            } catch (errorCaughtBrowser) {","                return module.exports &&","                    typeof process.versions.node === 'string' &&","                    typeof require('http').createServer === 'function' &&","                    'node';","            }","        }());","        // init global","        local.global = local.modeJs === 'browser'","            ? window","            : global;","        switch (local.modeJs) {","        // re-init local from window.local","        case 'browser':","            local = local.global.utility2.objectSetDefault(","                local.global.utility2_rollup || local.global.local,","                local.global.utility2","            );","            break;","        // re-init local from example.js","        case 'node':","            local = (local.global.utility2_rollup || require('utility2'))","                .requireReadme();","            break;","        }","        // export local","        local.global.local = local;","    }());","","","","    // run shared js-env code - function","    (function () {","        return;","    }());","    switch (local.modeJs) {","","","","    // run browser js-env code - function","    case 'browser':","        break;","","","","    // run node js-env code - function","    case 'node':","        break;","    }","","","","    // run shared js-env code - init-after","    (function () {","        return;","    }());","    switch (local.modeJs) {","","","","    // run browser js-env code - init-after","    case 'browser':","        local.testCase_browser_nullCase = local.testCase_browser_nullCase || function (","            options,","            onError","        ) {","        /*","         * this function will test browsers's null-case handling-behavior-behavior","         */","            onError(null, options);","        };","","        // run tests","        local.nop(local.modeTest &&","            document.querySelector('#testRunButton1') &&","            document.querySelector('#testRunButton1').click());","        break;","","","","    // run node js-env code - init-after","    /* istanbul ignore next */","    case 'node':","        local.testCase_buildApidoc_default = local.testCase_buildApidoc_default || function (","            options,","            onError","        ) {","        /*","         * this function will test buildApidoc's default handling-behavior-behavior","         */","            options = { modulePathList: module.paths };","            local.buildApidoc(options, onError);","        };","","        local.testCase_buildApp_default = local.testCase_buildApp_default || function (","            options,","            onError","        ) {","        /*","         * this function will test buildApp's default handling-behavior-behavior","         */","            local.testCase_buildReadme_default(options, local.onErrorThrow);","            local.testCase_buildLib_default(options, local.onErrorThrow);","            local.testCase_buildTest_default(options, local.onErrorThrow);","            local.testCase_buildCustomOrg_default(options, local.onErrorThrow);","            options = [];","            local.buildApp(options, onError);","        };","","        local.testCase_buildCustomOrg_default = local.testCase_buildCustomOrg_default ||","            function (options, onError) {","            /*","             * this function will test buildCustomOrg's default handling-behavior","             */","                options = {};","                local.buildCustomOrg(options, onError);","            };","","        local.testCase_buildLib_default = local.testCase_buildLib_default || function (","            options,","            onError","        ) {","        /*","         * this function will test buildLib's default handling-behavior","         */","            options = {};","            local.buildLib(options, onError);","        };","","        local.testCase_buildReadme_default = local.testCase_buildReadme_default || function (","            options,","            onError","        ) {","        /*","         * this function will test buildReadme's default handling-behavior-behavior","         */","            options = {};","            local.buildReadme(options, onError);","        };","","        local.testCase_buildTest_default = local.testCase_buildTest_default || function (","            options,","            onError","        ) {","        /*","         * this function will test buildTest's default handling-behavior","         */","            options = {};","            local.buildTest(options, onError);","        };","","        local.testCase_webpage_default = local.testCase_webpage_default || function (","            options,","            onError","        ) {","        /*","         * this function will test webpage's default handling-behavior","         */","            options = { modeCoverageMerge: true, url: local.serverLocalHost + '?modeTest=1' };","            local.browserTest(options, onError);","        };","","        // run test-server","        local.testRunServer(local);","        break;","    }","}());",""],"l":{"12":2,"14":2,"19":2,"21":2,"23":2,"24":2,"25":2,"30":1,"37":2,"40":2,"43":1,"47":1,"50":1,"52":1,"55":2,"61":2,"62":2,"64":2,"70":1,"76":1,"82":2,"83":2,"85":2,"91":1,"98":1,"102":1,"105":1,"112":1,"119":1,"120":1,"123":1,"130":1,"131":1,"132":1,"133":1,"134":1,"135":1,"138":1,"143":2,"144":2,"147":1,"154":2,"155":2,"158":1,"165":2,"166":2,"169":1,"176":2,"177":2,"180":1,"187":1,"188":1,"192":1,"193":1}},"/home/travis/build/npmtest/node-npmtest-blynk-library/lib.npmtest_blynk_library.js":{"path":"/home/travis/build/npmtest/node-npmtest-blynk-library/lib.npmtest_blynk_library.js","s":{"1":2,"2":2,"3":2,"4":2,"5":2,"6":2,"7":2,"8":1,"9":2,"10":2,"11":2,"12":2,"13":1,"14":1,"15":1,"16":1},"b":{"1":[2,1,1,1],"2":[1,1,1,1],"3":[1,1],"4":[2,2],"5":[1,1]},"f":{"1":2,"2":2,"3":2},"fnMap":{"1":{"name":"(anonymous_1)","line":12,"loc":{"start":{"line":12,"column":1},"end":{"line":12,"column":13}}},"2":{"name":"(anonymous_2)","line":19,"loc":{"start":{"line":19,"column":5},"end":{"line":19,"column":17}}},"3":{"name":"(anonymous_3)","line":23,"loc":{"start":{"line":23,"column":24},"end":{"line":23,"column":36}}}},"statementMap":{"1":{"start":{"line":12,"column":0},"end":{"line":53,"column":5}},"2":{"start":{"line":14,"column":4},"end":{"line":14,"column":14}},"3":{"start":{"line":19,"column":4},"end":{"line":52,"column":9}},"4":{"start":{"line":21,"column":8},"end":{"line":21,"column":19}},"5":{"start":{"line":23,"column":8},"end":{"line":35,"column":13}},"6":{"start":{"line":24,"column":12},"end":{"line":34,"column":13}},"7":{"start":{"line":25,"column":16},"end":{"line":28,"column":30}},"8":{"start":{"line":30,"column":16},"end":{"line":33,"column":27}},"9":{"start":{"line":37,"column":8},"end":{"line":39,"column":21}},"10":{"start":{"line":41,"column":8},"end":{"line":41,"column":54}},"11":{"start":{"line":43,"column":8},"end":{"line":43,"column":58}},"12":{"start":{"line":45,"column":8},"end":{"line":51,"column":9}},"13":{"start":{"line":46,"column":12},"end":{"line":46,"column":64}},"14":{"start":{"line":48,"column":12},"end":{"line":48,"column":35}},"15":{"start":{"line":49,"column":12},"end":{"line":49,"column":49}},"16":{"start":{"line":50,"column":12},"end":{"line":50,"column":43}}},"branchMap":{"1":{"line":25,"type":"binary-expr","locations":[{"start":{"line":25,"column":23},"end":{"line":25,"column":62}},{"start":{"line":26,"column":20},"end":{"line":26,"column":70}},{"start":{"line":27,"column":20},"end":{"line":27,"column":71}},{"start":{"line":28,"column":20},"end":{"line":28,"column":29}}]},"2":{"line":30,"type":"binary-expr","locations":[{"start":{"line":30,"column":23},"end":{"line":30,"column":37}},{"start":{"line":31,"column":20},"end":{"line":31,"column":61}},{"start":{"line":32,"column":20},"end":{"line":32,"column":70}},{"start":{"line":33,"column":20},"end":{"line":33,"column":26}}]},"3":{"line":37,"type":"cond-expr","locations":[{"start":{"line":38,"column":14},"end":{"line":38,"column":20}},{"start":{"line":39,"column":14},"end":{"line":39,"column":20}}]},"4":{"line":41,"type":"binary-expr","locations":[{"start":{"line":41,"column":16},"end":{"line":41,"column":44}},{"start":{"line":41,"column":48},"end":{"line":41,"column":53}}]},"5":{"line":45,"type":"if","locations":[{"start":{"line":45,"column":8},"end":{"line":45,"column":8}},{"start":{"line":45,"column":8},"end":{"line":45,"column":8}}]}},"code":["/* istanbul instrument in package npmtest_blynk_library */","/*jslint","    bitwise: true,","    browser: true,","    maxerr: 8,","    maxlen: 96,","    node: true,","    nomen: true,","    regexp: true,","    stupid: true","*/","(function () {","    'use strict';","    var local;","","","","    // run shared js-env code - init-before","    (function () {","        // init local","        local = {};","        // init modeJs","        local.modeJs = (function () {","            try {","                return typeof navigator.userAgent === 'string' &&","                    typeof document.querySelector('body') === 'object' &&","                    typeof XMLHttpRequest.prototype.open === 'function' &&","                    'browser';","            } catch (errorCaughtBrowser) {","                return module.exports &&","                    typeof process.versions.node === 'string' &&","                    typeof require('http').createServer === 'function' &&","                    'node';","            }","        }());","        // init global","        local.global = local.modeJs === 'browser'","            ? window","            : global;","        // init utility2_rollup","        local = local.global.utility2_rollup || local;","        // init lib","        local.local = local.npmtest_blynk_library = local;","        // init exports","        if (local.modeJs === 'browser') {","            local.global.utility2_npmtest_blynk_library = local;","        } else {","            module.exports = local;","            module.exports.__dirname = __dirname;","            module.exports.module = module;","        }","    }());","}());",""],"l":{"12":2,"14":2,"19":2,"21":2,"23":2,"24":2,"25":2,"30":1,"37":2,"41":2,"43":2,"45":2,"46":1,"48":1,"49":1,"50":1}},"/home/travis/build/npmtest/node-npmtest-blynk-library/example.js":{"path":"/home/travis/build/npmtest/node-npmtest-blynk-library/example.js","s":{"1":2,"2":2,"3":2,"4":2,"5":2,"6":2,"7":2,"8":1,"9":2,"10":2,"11":2,"12":2,"13":1,"14":2,"15":2,"16":2,"17":2,"18":2,"19":0,"20":2,"21":1,"22":1,"23":1,"24":1,"25":1,"26":0,"27":0,"28":1,"29":1,"30":2,"31":0,"32":0,"33":0,"34":1,"35":2,"36":2,"37":3,"38":3,"39":3,"40":3,"41":0,"42":3,"43":3,"44":3,"45":1,"46":3,"47":1,"48":1,"49":1,"50":1,"51":1,"52":1,"53":1,"54":1,"55":1,"56":1,"57":0,"58":1,"59":6,"60":6,"61":1,"62":2,"63":0,"64":2,"65":1,"66":1,"67":0,"68":0,"69":0,"70":0,"71":0,"72":0,"73":0,"74":0,"75":0,"76":0,"77":0,"78":0,"79":0,"80":0,"81":0,"82":0,"83":0},"b":{"1":[2,1,1,1],"2":[1,1,1,1],"3":[1,1],"4":[2,2],"5":[1,1],"6":[1,1],"7":[2,0],"8":[2,1,1,1,1,1],"9":[0,2,0],"10":[1,1],"11":[2,1,1],"12":[1,0],"13":[0,2],"14":[2,0,0,0,0,0,0],"15":[0,3],"16":[3,0],"17":[1,1],"18":[0,1],"19":[1,2,0,2],"20":[1,0],"21":[1,1],"22":[0,0],"23":[0,0],"24":[0,0],"25":[0,0],"26":[0,0],"27":[0,0],"28":[0,0]},"f":{"1":2,"2":2,"3":2,"4":2,"5":2,"6":2,"7":3,"8":3,"9":3,"10":1,"11":6,"12":0},"fnMap":{"1":{"name":"(anonymous_1)","line":26,"loc":{"start":{"line":26,"column":1},"end":{"line":26,"column":13}}},"2":{"name":"(anonymous_2)","line":33,"loc":{"start":{"line":33,"column":5},"end":{"line":33,"column":17}}},"3":{"name":"(anonymous_3)","line":37,"loc":{"start":{"line":37,"column":24},"end":{"line":37,"column":36}}},"4":{"name":"(anonymous_4)","line":69,"loc":{"start":{"line":69,"column":31},"end":{"line":69,"column":48}},"skip":true},"5":{"name":"(anonymous_5)","line":78,"loc":{"start":{"line":78,"column":26},"end":{"line":78,"column":45}},"skip":true},"6":{"name":"(anonymous_6)","line":123,"loc":{"start":{"line":123,"column":33},"end":{"line":123,"column":48}},"skip":true},"7":{"name":"(anonymous_7)","line":125,"loc":{"start":{"line":125,"column":27},"end":{"line":125,"column":39}},"skip":true},"8":{"name":"(anonymous_8)","line":133,"loc":{"start":{"line":133,"column":59},"end":{"line":133,"column":74}},"skip":true},"9":{"name":"(anonymous_9)","line":143,"loc":{"start":{"line":143,"column":45},"end":{"line":143,"column":62}},"skip":true},"10":{"name":"(anonymous_10)","line":144,"loc":{"start":{"line":144,"column":73},"end":{"line":144,"column":92}},"skip":true},"11":{"name":"(anonymous_11)","line":272,"loc":{"start":{"line":272,"column":51},"end":{"line":272,"column":77}},"skip":true},"12":{"name":"(anonymous_12)","line":315,"loc":{"start":{"line":315,"column":32},"end":{"line":315,"column":61}},"skip":true}},"statementMap":{"1":{"start":{"line":26,"column":0},"end":{"line":326,"column":5}},"2":{"start":{"line":28,"column":4},"end":{"line":28,"column":14}},"3":{"start":{"line":33,"column":4},"end":{"line":60,"column":9}},"4":{"start":{"line":35,"column":8},"end":{"line":35,"column":19}},"5":{"start":{"line":37,"column":8},"end":{"line":49,"column":13}},"6":{"start":{"line":38,"column":12},"end":{"line":48,"column":13}},"7":{"start":{"line":39,"column":16},"end":{"line":42,"column":30}},"8":{"start":{"line":44,"column":16},"end":{"line":47,"column":27}},"9":{"start":{"line":51,"column":8},"end":{"line":53,"column":21}},"10":{"start":{"line":55,"column":8},"end":{"line":57,"column":45}},"11":{"start":{"line":59,"column":8},"end":{"line":59,"column":35}},"12":{"start":{"line":61,"column":4},"end":{"line":325,"column":5}},"13":{"start":{"line":69,"column":8},"end":{"line":121,"column":10},"skip":true},"14":{"start":{"line":70,"column":12},"end":{"line":88,"column":13},"skip":true},"15":{"start":{"line":76,"column":16},"end":{"line":87,"column":19},"skip":true},"16":{"start":{"line":79,"column":20},"end":{"line":86,"column":21},"skip":true},"17":{"start":{"line":82,"column":24},"end":{"line":82,"column":43},"skip":true},"18":{"start":{"line":83,"column":24},"end":{"line":83,"column":30},"skip":true},"19":{"start":{"line":85,"column":24},"end":{"line":85,"column":49},"skip":true},"20":{"start":{"line":89,"column":12},"end":{"line":107,"column":13},"skip":true},"21":{"start":{"line":92,"column":16},"end":{"line":102,"column":17},"skip":true},"22":{"start":{"line":93,"column":20},"end":{"line":93,"column":86},"skip":true},"23":{"start":{"line":94,"column":20},"end":{"line":95,"column":45},"skip":true},"24":{"start":{"line":96,"column":20},"end":{"line":96,"column":42},"skip":true},"25":{"start":{"line":97,"column":20},"end":{"line":97,"column":48},"skip":true},"26":{"start":{"line":100,"column":20},"end":{"line":100,"column":85},"skip":true},"27":{"start":{"line":101,"column":20},"end":{"line":101,"column":96},"skip":true},"28":{"start":{"line":103,"column":16},"end":{"line":103,"column":22},"skip":true},"29":{"start":{"line":106,"column":16},"end":{"line":106,"column":22},"skip":true},"30":{"start":{"line":108,"column":12},"end":{"line":120,"column":13},"skip":true},"31":{"start":{"line":114,"column":16},"end":{"line":119,"column":17},"skip":true},"32":{"start":{"line":116,"column":20},"end":{"line":116,"column":78},"skip":true},"33":{"start":{"line":118,"column":20},"end":{"line":118,"column":47},"skip":true},"34":{"start":{"line":123,"column":8},"end":{"line":141,"column":11},"skip":true},"35":{"start":{"line":124,"column":12},"end":{"line":124,"column":54},"skip":true},"36":{"start":{"line":125,"column":12},"end":{"line":140,"column":14},"skip":true},"37":{"start":{"line":126,"column":16},"end":{"line":126,"column":28},"skip":true},"38":{"start":{"line":127,"column":16},"end":{"line":127,"column":69},"skip":true},"39":{"start":{"line":128,"column":16},"end":{"line":128,"column":75},"skip":true},"40":{"start":{"line":129,"column":16},"end":{"line":131,"column":17},"skip":true},"41":{"start":{"line":130,"column":20},"end":{"line":130,"column":27},"skip":true},"42":{"start":{"line":133,"column":16},"end":{"line":137,"column":36},"skip":true},"43":{"start":{"line":134,"column":20},"end":{"line":136,"column":55},"skip":true},"44":{"start":{"line":139,"column":16},"end":{"line":139,"column":57},"skip":true},"45":{"start":{"line":143,"column":8},"end":{"line":147,"column":11},"skip":true},"46":{"start":{"line":144,"column":12},"end":{"line":146,"column":15},"skip":true},"47":{"start":{"line":145,"column":16},"end":{"line":145,"column":70},"skip":true},"48":{"start":{"line":149,"column":8},"end":{"line":149,"column":31},"skip":true},"49":{"start":{"line":150,"column":8},"end":{"line":150,"column":14},"skip":true},"50":{"start":{"line":158,"column":8},"end":{"line":158,"column":31},"skip":true},"51":{"start":{"line":160,"column":8},"end":{"line":160,"column":33},"skip":true},"52":{"start":{"line":161,"column":8},"end":{"line":161,"column":37},"skip":true},"53":{"start":{"line":162,"column":8},"end":{"line":162,"column":35},"skip":true},"54":{"start":{"line":164,"column":8},"end":{"line":164,"column":50},"skip":true},"55":{"start":{"line":166,"column":8},"end":{"line":256,"column":2},"skip":true},"56":{"start":{"line":258,"column":8},"end":{"line":286,"column":9},"skip":true},"57":{"start":{"line":259,"column":12},"end":{"line":269,"column":14},"skip":true},"58":{"start":{"line":271,"column":12},"end":{"line":285,"column":19},"skip":true},"59":{"start":{"line":274,"column":20},"end":{"line":274,"column":35},"skip":true},"60":{"start":{"line":275,"column":20},"end":{"line":284,"column":21},"skip":true},"61":{"start":{"line":277,"column":24},"end":{"line":277,"column":64},"skip":true},"62":{"start":{"line":279,"column":24},"end":{"line":279,"column":40},"skip":true},"63":{"start":{"line":281,"column":24},"end":{"line":281,"column":40},"skip":true},"64":{"start":{"line":283,"column":24},"end":{"line":283,"column":39},"skip":true},"65":{"start":{"line":288,"column":8},"end":{"line":290,"column":9},"skip":true},"66":{"start":{"line":289,"column":12},"end":{"line":289,"column":18},"skip":true},"67":{"start":{"line":291,"column":8},"end":{"line":293,"column":54},"skip":true},"68":{"start":{"line":296,"column":8},"end":{"line":301,"column":37},"skip":true},"69":{"start":{"line":303,"column":8},"end":{"line":303,"column":82},"skip":true},"70":{"start":{"line":306,"column":8},"end":{"line":308,"column":9},"skip":true},"71":{"start":{"line":307,"column":12},"end":{"line":307,"column":82},"skip":true},"72":{"start":{"line":310,"column":8},"end":{"line":312,"column":9},"skip":true},"73":{"start":{"line":311,"column":12},"end":{"line":311,"column":18},"skip":true},"74":{"start":{"line":313,"column":8},"end":{"line":313,"column":54},"skip":true},"75":{"start":{"line":314,"column":8},"end":{"line":314,"column":69},"skip":true},"76":{"start":{"line":315,"column":8},"end":{"line":323,"column":36},"skip":true},"77":{"start":{"line":316,"column":12},"end":{"line":316,"column":61},"skip":true},"78":{"start":{"line":317,"column":12},"end":{"line":320,"column":13},"skip":true},"79":{"start":{"line":318,"column":16},"end":{"line":318,"column":75},"skip":true},"80":{"start":{"line":319,"column":16},"end":{"line":319,"column":23},"skip":true},"81":{"start":{"line":321,"column":12},"end":{"line":321,"column":38},"skip":true},"82":{"start":{"line":322,"column":12},"end":{"line":322,"column":27},"skip":true},"83":{"start":{"line":324,"column":8},"end":{"line":324,"column":14},"skip":true}},"branchMap":{"1":{"line":39,"type":"binary-expr","locations":[{"start":{"line":39,"column":23},"end":{"line":39,"column":62}},{"start":{"line":40,"column":20},"end":{"line":40,"column":70}},{"start":{"line":41,"column":20},"end":{"line":41,"column":71}},{"start":{"line":42,"column":20},"end":{"line":42,"column":29}}]},"2":{"line":44,"type":"binary-expr","locations":[{"start":{"line":44,"column":23},"end":{"line":44,"column":37}},{"start":{"line":45,"column":20},"end":{"line":45,"column":61}},{"start":{"line":46,"column":20},"end":{"line":46,"column":70}},{"start":{"line":47,"column":20},"end":{"line":47,"column":26}}]},"3":{"line":51,"type":"cond-expr","locations":[{"start":{"line":52,"column":14},"end":{"line":52,"column":20}},{"start":{"line":53,"column":14},"end":{"line":53,"column":20}}]},"4":{"line":55,"type":"binary-expr","locations":[{"start":{"line":55,"column":16},"end":{"line":55,"column":44}},{"start":{"line":55,"column":49},"end":{"line":57,"column":43}}]},"5":{"line":55,"type":"cond-expr","locations":[{"start":{"line":56,"column":14},"end":{"line":56,"column":57}},{"start":{"line":57,"column":14},"end":{"line":57,"column":43}}]},"6":{"line":61,"type":"switch","locations":[{"start":{"line":68,"column":4},"end":{"line":150,"column":14},"skip":true},{"start":{"line":156,"column":4},"end":{"line":324,"column":14},"skip":true}]},"7":{"line":70,"type":"if","locations":[{"start":{"line":70,"column":12},"end":{"line":70,"column":12},"skip":true},{"start":{"line":70,"column":12},"end":{"line":70,"column":12},"skip":true}]},"8":{"line":70,"type":"binary-expr","locations":[{"start":{"line":70,"column":16},"end":{"line":70,"column":22},"skip":true},{"start":{"line":70,"column":27},"end":{"line":70,"column":32},"skip":true},{"start":{"line":71,"column":20},"end":{"line":71,"column":39},"skip":true},{"start":{"line":72,"column":20},"end":{"line":72,"column":49},"skip":true},{"start":{"line":73,"column":20},"end":{"line":73,"column":58},"skip":true},{"start":{"line":74,"column":20},"end":{"line":74,"column":69},"skip":true}]},"9":{"line":79,"type":"switch","locations":[{"start":{"line":80,"column":20},"end":{"line":80,"column":33},"skip":true},{"start":{"line":81,"column":20},"end":{"line":83,"column":30},"skip":true},{"start":{"line":84,"column":20},"end":{"line":85,"column":49},"skip":true}]},"10":{"line":89,"type":"switch","locations":[{"start":{"line":90,"column":12},"end":{"line":103,"column":22},"skip":true},{"start":{"line":105,"column":12},"end":{"line":106,"column":22},"skip":true}]},"11":{"line":89,"type":"binary-expr","locations":[{"start":{"line":89,"column":20},"end":{"line":89,"column":25},"skip":true},{"start":{"line":89,"column":29},"end":{"line":89,"column":48},"skip":true},{"start":{"line":89,"column":52},"end":{"line":89,"column":74},"skip":true}]},"12":{"line":92,"type":"if","locations":[{"start":{"line":92,"column":16},"end":{"line":92,"column":16},"skip":true},{"start":{"line":92,"column":16},"end":{"line":92,"column":16},"skip":true}]},"13":{"line":108,"type":"if","locations":[{"start":{"line":108,"column":12},"end":{"line":108,"column":12},"skip":true},{"start":{"line":108,"column":12},"end":{"line":108,"column":12},"skip":true}]},"14":{"line":108,"type":"binary-expr","locations":[{"start":{"line":108,"column":16},"end":{"line":108,"column":61},"skip":true},{"start":{"line":108,"column":66},"end":{"line":108,"column":72},"skip":true},{"start":{"line":108,"column":77},"end":{"line":108,"column":82},"skip":true},{"start":{"line":109,"column":20},"end":{"line":109,"column":39},"skip":true},{"start":{"line":110,"column":20},"end":{"line":110,"column":49},"skip":true},{"start":{"line":111,"column":20},"end":{"line":111,"column":58},"skip":true},{"start":{"line":112,"column":20},"end":{"line":112,"column":68},"skip":true}]},"15":{"line":129,"type":"if","locations":[{"start":{"line":129,"column":16},"end":{"line":129,"column":16},"skip":true},{"start":{"line":129,"column":16},"end":{"line":129,"column":16},"skip":true}]},"16":{"line":134,"type":"cond-expr","locations":[{"start":{"line":135,"column":26},"end":{"line":135,"column":29},"skip":true},{"start":{"line":136,"column":26},"end":{"line":136,"column":54},"skip":true}]},"17":{"line":164,"type":"binary-expr","locations":[{"start":{"line":164,"column":27},"end":{"line":164,"column":43},"skip":true},{"start":{"line":164,"column":47},"end":{"line":164,"column":49},"skip":true}]},"18":{"line":258,"type":"if","locations":[{"start":{"line":258,"column":8},"end":{"line":258,"column":8},"skip":true},{"start":{"line":258,"column":8},"end":{"line":258,"column":8},"skip":true}]},"19":{"line":275,"type":"switch","locations":[{"start":{"line":276,"column":20},"end":{"line":277,"column":64},"skip":true},{"start":{"line":278,"column":20},"end":{"line":279,"column":40},"skip":true},{"start":{"line":280,"column":20},"end":{"line":281,"column":40},"skip":true},{"start":{"line":282,"column":20},"end":{"line":283,"column":39},"skip":true}]},"20":{"line":288,"type":"if","locations":[{"start":{"line":288,"column":8},"end":{"line":288,"column":8},"skip":true},{"start":{"line":288,"column":8},"end":{"line":288,"column":8},"skip":true}]},"21":{"line":288,"type":"binary-expr","locations":[{"start":{"line":288,"column":12},"end":{"line":288,"column":40},"skip":true},{"start":{"line":288,"column":44},"end":{"line":288,"column":67},"skip":true}]},"22":{"line":292,"type":"binary-expr","locations":[{"start":{"line":292,"column":12},"end":{"line":292,"column":50},"skip":true},{"start":{"line":293,"column":12},"end":{"line":293,"column":53},"skip":true}]},"23":{"line":297,"type":"binary-expr","locations":[{"start":{"line":297,"column":12},"end":{"line":297,"column":71},"skip":true},{"start":{"line":298,"column":12},"end":{"line":301,"column":36},"skip":true}]},"24":{"line":303,"type":"binary-expr","locations":[{"start":{"line":303,"column":43},"end":{"line":303,"column":75},"skip":true},{"start":{"line":303,"column":79},"end":{"line":303,"column":81},"skip":true}]},"25":{"line":306,"type":"if","locations":[{"start":{"line":306,"column":8},"end":{"line":306,"column":8},"skip":true},{"start":{"line":306,"column":8},"end":{"line":306,"column":8},"skip":true}]},"26":{"line":310,"type":"if","locations":[{"start":{"line":310,"column":8},"end":{"line":310,"column":8},"skip":true},{"start":{"line":310,"column":8},"end":{"line":310,"column":8},"skip":true}]},"27":{"line":313,"type":"binary-expr","locations":[{"start":{"line":313,"column":27},"end":{"line":313,"column":43},"skip":true},{"start":{"line":313,"column":47},"end":{"line":313,"column":53},"skip":true}]},"28":{"line":317,"type":"if","locations":[{"start":{"line":317,"column":12},"end":{"line":317,"column":12},"skip":true},{"start":{"line":317,"column":12},"end":{"line":317,"column":12},"skip":true}]}},"code":["/*","example.js","","quickstart example","","instruction","    1. save this script as example.js","    2. run the shell command:","        $ npm install npmtest-blynk-library && PORT=8081 node example.js","    3. play with the browser-demo on http://127.0.0.1:8081","*/","","","","/* istanbul instrument in package npmtest_blynk_library */","/*jslint","    bitwise: true,","    browser: true,","    maxerr: 8,","    maxlen: 96,","    node: true,","    nomen: true,","    regexp: true,","    stupid: true","*/","(function () {","    'use strict';","    var local;","","","","    // run shared js-env code - init-before","    (function () {","        // init local","        local = {};","        // init modeJs","        local.modeJs = (function () {","            try {","                return typeof navigator.userAgent === 'string' &&","                    typeof document.querySelector('body') === 'object' &&","                    typeof XMLHttpRequest.prototype.open === 'function' &&","                    'browser';","            } catch (errorCaughtBrowser) {","                return module.exports &&","                    typeof process.versions.node === 'string' &&","                    typeof require('http').createServer === 'function' &&","                    'node';","            }","        }());","        // init global","        local.global = local.modeJs === 'browser'","            ? window","            : global;","        // init utility2_rollup","        local = local.global.utility2_rollup || (local.modeJs === 'browser'","            ? local.global.utility2_npmtest_blynk_library","            : global.utility2_moduleExports);","        // export local","        local.global.local = local;","    }());","    switch (local.modeJs) {","","","","    // init-after","    // run browser js-env code - init-after","    /* istanbul ignore next */","    case 'browser':","        local.testRunBrowser = function (event) {","            if (!event || (event &&","                    event.currentTarget &&","                    event.currentTarget.className &&","                    event.currentTarget.className.includes &&","                    event.currentTarget.className.includes('onreset'))) {","                // reset output","                Array.from(","                    document.querySelectorAll('body > .resettable')","                ).forEach(function (element) {","                    switch (element.tagName) {","                    case 'INPUT':","                    case 'TEXTAREA':","                        element.value = '';","                        break;","                    default:","                        element.textContent = '';","                    }","                });","            }","            switch (event && event.currentTarget && event.currentTarget.id) {","            case 'testRunButton1':","                // show tests","                if (document.querySelector('#testReportDiv1').style.display === 'none') {","                    document.querySelector('#testReportDiv1').style.display = 'block';","                    document.querySelector('#testRunButton1').textContent =","                        'hide internal test';","                    local.modeTest = true;","                    local.testRunDefault(local);","                // hide tests","                } else {","                    document.querySelector('#testReportDiv1').style.display = 'none';","                    document.querySelector('#testRunButton1').textContent = 'run internal test';","                }","                break;","            // custom-case","            default:","                break;","            }","            if (document.querySelector('#inputTextareaEval1') && (!event || (event &&","                    event.currentTarget &&","                    event.currentTarget.className &&","                    event.currentTarget.className.includes &&","                    event.currentTarget.className.includes('oneval')))) {","                // try to eval input-code","                try {","                    /*jslint evil: true*/","                    eval(document.querySelector('#inputTextareaEval1').value);","                } catch (errorCaught) {","                    console.error(errorCaught);","                }","            }","        };","        // log stderr and stdout to #outputTextareaStdout1","        ['error', 'log'].forEach(function (key) {","            console[key + '_original'] = console[key];","            console[key] = function () {","                var element;","                console[key + '_original'].apply(console, arguments);","                element = document.querySelector('#outputTextareaStdout1');","                if (!element) {","                    return;","                }","                // append text to #outputTextareaStdout1","                element.value += Array.from(arguments).map(function (arg) {","                    return typeof arg === 'string'","                        ? arg","                        : JSON.stringify(arg, null, 4);","                }).join(' ') + '\\n';","                // scroll textarea to bottom","                element.scrollTop = element.scrollHeight;","            };","        });","        // init event-handling","        ['change', 'click', 'keyup'].forEach(function (event) {","            Array.from(document.querySelectorAll('.on' + event)).forEach(function (element) {","                element.addEventListener(event, local.testRunBrowser);","            });","        });","        // run tests","        local.testRunBrowser();","        break;","","","","    // run node js-env code - init-after","    /* istanbul ignore next */","    case 'node':","        // export local","        module.exports = local;","        // require modules","        local.fs = require('fs');","        local.http = require('http');","        local.url = require('url');","        // init assets","        local.assetsDict = local.assetsDict || {};","        /* jslint-ignore-begin */","        local.assetsDict['/assets.index.template.html'] = '\\","<!doctype html>\\n\\","<html lang=\"en\">\\n\\","<head>\\n\\","<meta charset=\"UTF-8\">\\n\\","<meta name=\"viewport\" content=\"width=device-width, initial-scale=1\">\\n\\","<title>{{env.npm_package_name}} (v{{env.npm_package_version}})</title>\\n\\","<style>\\n\\","/*csslint\\n\\","    box-sizing: false,\\n\\","    universal-selector: false\\n\\","*/\\n\\","* {\\n\\","    box-sizing: border-box;\\n\\","}\\n\\","body {\\n\\","    background: #dde;\\n\\","    font-family: Arial, Helvetica, sans-serif;\\n\\","    margin: 2rem;\\n\\","}\\n\\","body > * {\\n\\","    margin-bottom: 1rem;\\n\\","}\\n\\",".utility2FooterDiv {\\n\\","    margin-top: 20px;\\n\\","    text-align: center;\\n\\","}\\n\\","</style>\\n\\","<style>\\n\\","/*csslint\\n\\","*/\\n\\","textarea {\\n\\","    font-family: monospace;\\n\\","    height: 10rem;\\n\\","    width: 100%;\\n\\","}\\n\\","textarea[readonly] {\\n\\","    background: #ddd;\\n\\","}\\n\\","</style>\\n\\","</head>\\n\\","<body>\\n\\","<!-- utility2-comment\\n\\","<div id=\"ajaxProgressDiv1\" style=\"background: #d00; height: 2px; left: 0; margin: 0; padding: 0; position: fixed; top: 0; transition: background 0.5s, width 1.5s; width: 25%;\"></div>\\n\\","utility2-comment -->\\n\\","<h1>\\n\\","<!-- utility2-comment\\n\\","    <a\\n\\","        {{#if env.npm_package_homepage}}\\n\\","        href=\"{{env.npm_package_homepage}}\"\\n\\","        {{/if env.npm_package_homepage}}\\n\\","        target=\"_blank\"\\n\\","    >\\n\\","utility2-comment -->\\n\\","        {{env.npm_package_name}} (v{{env.npm_package_version}})\\n\\","<!-- utility2-comment\\n\\","    </a>\\n\\","utility2-comment -->\\n\\","</h1>\\n\\","<h3>{{env.npm_package_description}}</h3>\\n\\","<!-- utility2-comment\\n\\","<h4><a download href=\"assets.app.js\">download standalone app</a></h4>\\n\\","<button class=\"onclick onreset\" id=\"testRunButton1\">run internal test</button><br>\\n\\","<div id=\"testReportDiv1\" style=\"display: none;\"></div>\\n\\","utility2-comment -->\\n\\","\\n\\","\\n\\","\\n\\","<label>stderr and stdout</label>\\n\\","<textarea class=\"resettable\" id=\"outputTextareaStdout1\" readonly></textarea>\\n\\","<!-- utility2-comment\\n\\","{{#if isRollup}}\\n\\","<script src=\"assets.app.js\"></script>\\n\\","{{#unless isRollup}}\\n\\","utility2-comment -->\\n\\","<script src=\"assets.utility2.rollup.js\"></script>\\n\\","<script src=\"jsonp.utility2._stateInit?callback=window.utility2._stateInit\"></script>\\n\\","<script src=\"assets.npmtest_blynk_library.rollup.js\"></script>\\n\\","<script src=\"assets.example.js\"></script>\\n\\","<script src=\"assets.test.js\"></script>\\n\\","<!-- utility2-comment\\n\\","{{/if isRollup}}\\n\\","utility2-comment -->\\n\\","<div class=\"utility2FooterDiv\">\\n\\","    [ this app was created with\\n\\","    <a href=\"https://github.com/kaizhu256/node-utility2\" target=\"_blank\">utility2</a>\\n\\","    ]\\n\\","</div>\\n\\","</body>\\n\\","</html>\\n\\","';","        /* jslint-ignore-end */","        if (local.templateRender) {","            local.assetsDict['/'] = local.templateRender(","                local.assetsDict['/assets.index.template.html'],","                {","                    env: local.objectSetDefault(local.env, {","                        npm_package_description: 'the greatest app in the world!',","                        npm_package_name: 'my-app',","                        npm_package_nameAlias: 'my_app',","                        npm_package_version: '0.0.1'","                    })","                }","            );","        } else {","            local.assetsDict['/'] = local.assetsDict['/assets.index.template.html']","                .replace((/\\{\\{env\\.(\\w+?)\\}\\}/g), function (match0, match1) {","                    // jslint-hack","                    String(match0);","                    switch (match1) {","                    case 'npm_package_description':","                        return 'the greatest app in the world!';","                    case 'npm_package_name':","                        return 'my-app';","                    case 'npm_package_nameAlias':","                        return 'my_app';","                    case 'npm_package_version':","                        return '0.0.1';","                    }","                });","        }","        // run the cli","        if (local.global.utility2_rollup || module !== require.main) {","            break;","        }","        local.assetsDict['/assets.example.js'] =","            local.assetsDict['/assets.example.js'] ||","            local.fs.readFileSync(__filename, 'utf8');","        // bug-workaround - long $npm_package_buildCustomOrg","        /* jslint-ignore-begin */","        local.assetsDict['/assets.npmtest_blynk_library.rollup.js'] =","            local.assetsDict['/assets.npmtest_blynk_library.rollup.js'] ||","            local.fs.readFileSync(","                local.npmtest_blynk_library.__dirname + '/lib.npmtest_blynk_library.js',","                'utf8'","            ).replace((/^#!/), '//');","        /* jslint-ignore-end */","        local.assetsDict['/favicon.ico'] = local.assetsDict['/favicon.ico'] || '';","        // if $npm_config_timeout_exit exists,","        // then exit this process after $npm_config_timeout_exit ms","        if (Number(process.env.npm_config_timeout_exit)) {","            setTimeout(process.exit, Number(process.env.npm_config_timeout_exit));","        }","        // start server","        if (local.global.utility2_serverHttp1) {","            break;","        }","        process.env.PORT = process.env.PORT || '8081';","        console.error('server starting on port ' + process.env.PORT);","        local.http.createServer(function (request, response) {","            request.urlParsed = local.url.parse(request.url);","            if (local.assetsDict[request.urlParsed.pathname] !== undefined) {","                response.end(local.assetsDict[request.urlParsed.pathname]);","                return;","            }","            response.statusCode = 404;","            response.end();","        }).listen(process.env.PORT);","        break;","    }","}());",""],"l":{"26":2,"28":2,"33":2,"35":2,"37":2,"38":2,"39":2,"44":1,"51":2,"55":2,"59":2,"61":2,"69":1,"70":2,"76":2,"79":2,"82":2,"83":2,"85":1,"89":2,"92":1,"93":1,"94":1,"96":1,"97":1,"100":1,"101":1,"103":1,"106":1,"108":2,"114":1,"116":1,"118":1,"123":1,"124":2,"125":2,"126":3,"127":3,"128":3,"129":3,"130":1,"133":3,"134":3,"139":3,"143":1,"144":3,"145":1,"149":1,"150":1,"158":1,"160":1,"161":1,"162":1,"164":1,"166":1,"258":1,"259":1,"271":1,"274":6,"275":6,"277":1,"279":2,"281":1,"283":2,"288":1,"289":1,"291":1,"296":1,"303":1,"306":1,"307":1,"310":1,"311":1,"313":1,"314":1,"315":1,"316":1,"317":1,"318":1,"319":1,"321":1,"322":1,"324":1}},"/home/travis/build/npmtest/node-npmtest-blynk-library/node_modules/blynk-library/blynk.js":{"path":"/home/travis/build/npmtest/node-npmtest-blynk-library/node_modules/blynk-library/blynk.js","s":{"1":1,"2":1,"3":0,"4":0,"5":0,"6":0,"7":1,"8":13,"9":0,"10":13,"11":13,"12":0,"13":1,"14":7,"15":1,"16":6,"17":1,"18":5,"19":1,"20":0,"21":1,"22":1,"23":1,"24":1,"25":0,"26":0,"27":0,"28":1,"29":1,"30":1,"31":1,"32":1,"33":0,"34":0,"35":0,"36":0,"37":0,"38":0,"39":0,"40":0,"41":0,"42":0,"43":0,"44":0,"45":0,"46":0,"47":0,"48":0,"49":0,"50":0,"51":0,"52":0,"53":0,"54":0,"55":0,"56":0,"57":0,"58":0,"59":0,"60":0,"61":0,"62":0,"63":0,"64":0,"65":0,"66":0,"67":0,"68":0,"69":0,"70":0,"71":0,"72":0,"73":0,"74":0,"75":0,"76":0,"77":0,"78":0,"79":0,"80":0,"81":0,"82":0,"83":0,"84":0,"85":0,"86":0,"87":0,"88":0,"89":0,"90":0,"91":0,"92":0,"93":0,"94":0,"95":0,"96":0,"97":0,"98":0,"99":0,"100":0,"101":0,"102":0,"103":0,"104":0,"105":0,"106":0,"107":0,"108":0,"109":0,"110":0,"111":0,"112":0,"113":0,"114":0,"115":0,"116":1,"117":2,"118":2,"119":0,"120":0,"121":0,"122":0,"123":0,"124":1,"125":2,"126":2,"127":2,"128":2,"129":2,"130":2,"131":2,"132":0,"133":2,"134":0,"135":2,"136":0,"137":2,"138":6,"139":6,"140":2,"141":4,"142":2,"143":2,"144":0,"145":2,"146":0,"147":2,"148":0,"149":2,"150":2,"151":2,"152":2,"153":2,"154":2,"155":0,"156":0,"157":0,"158":0,"159":0,"160":0,"161":2,"162":0,"163":0,"164":0,"165":0,"166":0,"167":0,"168":0,"169":0,"170":0,"171":2,"172":0,"173":0,"174":0,"175":0,"176":0,"177":0,"178":2,"179":0,"180":0,"181":0,"182":0,"183":0,"184":2,"185":0,"186":0,"187":0,"188":0,"189":0,"190":0,"191":0,"192":2,"193":2,"194":2,"195":2,"196":2,"197":2,"198":1,"199":1,"200":1,"201":0,"202":0,"203":0,"204":0,"205":0,"206":0,"207":0,"208":0,"209":0,"210":0,"211":0,"212":0,"213":0,"214":0,"215":0,"216":0,"217":0,"218":0,"219":0,"220":0,"221":0,"222":0,"223":0,"224":0,"225":0,"226":0,"227":0,"228":0,"229":0,"230":0,"231":0,"232":0,"233":0,"234":0,"235":0,"236":0,"237":0,"238":0,"239":0,"240":0,"241":0,"242":0,"243":0,"244":0,"245":0,"246":0,"247":0,"248":0,"249":0,"250":0,"251":0,"252":0,"253":0,"254":0,"255":0,"256":0,"257":0,"258":0,"259":0,"260":0,"261":0,"262":0,"263":0,"264":1,"265":0,"266":0,"267":0,"268":0,"269":0,"270":0,"271":0,"272":1,"273":0,"274":0,"275":0,"276":1,"277":2,"278":2,"279":2,"280":2,"281":2,"282":0,"283":0,"284":0,"285":0,"286":0,"287":0,"288":0,"289":2,"290":0,"291":2,"292":2,"293":1,"294":0,"295":0,"296":0,"297":0,"298":0,"299":0,"300":0,"301":0,"302":0,"303":0,"304":0,"305":0,"306":0,"307":0,"308":1,"309":0,"310":0,"311":0,"312":0,"313":0,"314":0,"315":1,"316":0,"317":0,"318":1,"319":0,"320":1,"321":0,"322":1,"323":0,"324":1,"325":0,"326":1,"327":0,"328":1,"329":0,"330":1,"331":0,"332":1,"333":0,"334":1,"335":1,"336":1,"337":0,"338":0,"339":0,"340":0,"341":1,"342":0,"343":1,"344":1,"345":1,"346":1,"347":1,"348":1,"349":1},"b":{"1":[0,0],"2":[0,13],"3":[13,0],"4":[7,7,7],"5":[0,1],"6":[1,0],"7":[0,1],"8":[0,0],"9":[0,0],"10":[0,0],"11":[0,0],"12":[0,0],"13":[0,0],"14":[0,0],"15":[0,0],"16":[0,0],"17":[0,0],"18":[0,0],"19":[0,0,0,0,0,0],"20":[0,0,0,0,0,0],"21":[0,0,0,0,0],"22":[2,0],"23":[2,2],"24":[2,2],"25":[0,2],"26":[0,2],"27":[0,2],"28":[0,2],"29":[0,2],"30":[0,2],"31":[0,0],"32":[0,0],"33":[2,0],"34":[2,0],"35":[1,0],"36":[0,0],"37":[0,0],"38":[0,0],"39":[0,0],"40":[0,0],"41":[0,0],"42":[0,0],"43":[0,0],"44":[0,0],"45":[0,0],"46":[0,0],"47":[0,0],"48":[0,0],"49":[0,0],"50":[0,0],"51":[0,0],"52":[0,0],"53":[0,0],"54":[0,0],"55":[0,0],"56":[0,0],"57":[0,0],"58":[0,0],"59":[0,0],"60":[0,0],"61":[0,0],"62":[0,0,0,0,0,0],"63":[0,0],"64":[0,0],"65":[0,0],"66":[0,0],"67":[2,0],"68":[0,2],"69":[0,0],"70":[0,0],"71":[0,0],"72":[0,0],"73":[0,0],"74":[0,0],"75":[1,0],"76":[1,1],"77":[0,1],"78":[0,1],"79":[1,0]},"f":{"1":0,"2":13,"3":7,"4":6,"5":5,"6":0,"7":0,"8":0,"9":0,"10":0,"11":0,"12":0,"13":0,"14":0,"15":0,"16":0,"17":0,"18":0,"19":0,"20":0,"21":0,"22":0,"23":0,"24":0,"25":2,"26":2,"27":0,"28":2,"29":6,"30":0,"31":0,"32":0,"33":0,"34":0,"35":0,"36":0,"37":0,"38":0,"39":0,"40":0,"41":0,"42":0,"43":0,"44":0,"45":0,"46":0,"47":0,"48":0,"49":0,"50":2,"51":2,"52":0,"53":0,"54":0,"55":0,"56":0,"57":0,"58":0,"59":0,"60":0,"61":0,"62":0,"63":0,"64":0,"65":0,"66":0,"67":0,"68":0},"fnMap":{"1":{"name":"string_of_enum","line":11,"loc":{"start":{"line":11,"column":0},"end":{"line":12,"column":0}}},"2":{"name":"isEspruino","line":17,"loc":{"start":{"line":17,"column":0},"end":{"line":17,"column":22}}},"3":{"name":"isNode","line":23,"loc":{"start":{"line":23,"column":0},"end":{"line":23,"column":18}}},"4":{"name":"isBrowser","line":27,"loc":{"start":{"line":27,"column":0},"end":{"line":27,"column":21}}},"5":{"name":"needsEmitter","line":31,"loc":{"start":{"line":31,"column":0},"end":{"line":31,"column":24}}},"6":{"name":"blynkHeader","line":36,"loc":{"start":{"line":36,"column":0},"end":{"line":36,"column":48}}},"7":{"name":"(anonymous_7)","line":97,"loc":{"start":{"line":97,"column":23},"end":{"line":97,"column":41}}},"8":{"name":"(anonymous_8)","line":105,"loc":{"start":{"line":105,"column":17},"end":{"line":105,"column":32}}},"9":{"name":"(anonymous_9)","line":109,"loc":{"start":{"line":109,"column":19},"end":{"line":109,"column":34}}},"10":{"name":"(anonymous_10)","line":112,"loc":{"start":{"line":112,"column":26},"end":{"line":112,"column":41}}},"11":{"name":"(anonymous_11)","line":121,"loc":{"start":{"line":121,"column":22},"end":{"line":121,"column":33}}},"12":{"name":"(anonymous_12)","line":126,"loc":{"start":{"line":126,"column":20},"end":{"line":126,"column":38}}},"13":{"name":"(anonymous_13)","line":135,"loc":{"start":{"line":135,"column":17},"end":{"line":135,"column":32}}},"14":{"name":"(anonymous_14)","line":141,"loc":{"start":{"line":141,"column":19},"end":{"line":141,"column":34}}},"15":{"name":"(anonymous_15)","line":146,"loc":{"start":{"line":146,"column":67},"end":{"line":146,"column":78}}},"16":{"name":"(anonymous_16)","line":148,"loc":{"start":{"line":148,"column":29},"end":{"line":148,"column":44}}},"17":{"name":"(anonymous_17)","line":151,"loc":{"start":{"line":151,"column":28},"end":{"line":151,"column":39}}},"18":{"name":"(anonymous_18)","line":158,"loc":{"start":{"line":158,"column":22},"end":{"line":158,"column":33}}},"19":{"name":"(anonymous_19)","line":165,"loc":{"start":{"line":165,"column":26},"end":{"line":165,"column":43}}},"20":{"name":"(anonymous_20)","line":167,"loc":{"start":{"line":167,"column":16},"end":{"line":167,"column":32}}},"21":{"name":"(anonymous_21)","line":170,"loc":{"start":{"line":170,"column":19},"end":{"line":170,"column":36}}},"22":{"name":"(anonymous_22)","line":202,"loc":{"start":{"line":202,"column":27},"end":{"line":202,"column":44}}},"23":{"name":"(anonymous_23)","line":204,"loc":{"start":{"line":204,"column":16},"end":{"line":204,"column":32}}},"24":{"name":"(anonymous_24)","line":207,"loc":{"start":{"line":207,"column":19},"end":{"line":207,"column":36}}},"25":{"name":"(anonymous_25)","line":237,"loc":{"start":{"line":237,"column":17},"end":{"line":237,"column":28}}},"26":{"name":"(anonymous_26)","line":238,"loc":{"start":{"line":238,"column":14},"end":{"line":238,"column":30}}},"27":{"name":"(anonymous_27)","line":239,"loc":{"start":{"line":239,"column":17},"end":{"line":239,"column":34}}},"28":{"name":"(anonymous_28)","line":258,"loc":{"start":{"line":258,"column":12},"end":{"line":258,"column":36}}},"29":{"name":"(anonymous_29)","line":280,"loc":{"start":{"line":280,"column":11},"end":{"line":280,"column":22}}},"30":{"name":"(anonymous_30)","line":308,"loc":{"start":{"line":308,"column":20},"end":{"line":308,"column":35}}},"31":{"name":"(anonymous_31)","line":315,"loc":{"start":{"line":315,"column":17},"end":{"line":315,"column":33}}},"32":{"name":"(anonymous_32)","line":320,"loc":{"start":{"line":320,"column":22},"end":{"line":320,"column":37}}},"33":{"name":"(anonymous_33)","line":323,"loc":{"start":{"line":323,"column":24},"end":{"line":323,"column":40}}},"34":{"name":"(anonymous_34)","line":326,"loc":{"start":{"line":326,"column":24},"end":{"line":326,"column":43}}},"35":{"name":"(anonymous_35)","line":329,"loc":{"start":{"line":329,"column":23},"end":{"line":329,"column":42}}},"36":{"name":"(anonymous_36)","line":332,"loc":{"start":{"line":332,"column":24},"end":{"line":332,"column":43}}},"37":{"name":"(anonymous_37)","line":337,"loc":{"start":{"line":337,"column":24},"end":{"line":337,"column":39}}},"38":{"name":"(anonymous_38)","line":344,"loc":{"start":{"line":344,"column":17},"end":{"line":344,"column":32}}},"39":{"name":"(anonymous_39)","line":349,"loc":{"start":{"line":349,"column":19},"end":{"line":349,"column":34}}},"40":{"name":"(anonymous_40)","line":352,"loc":{"start":{"line":352,"column":17},"end":{"line":352,"column":28}}},"41":{"name":"(anonymous_41)","line":355,"loc":{"start":{"line":355,"column":17},"end":{"line":355,"column":37}}},"42":{"name":"(anonymous_42)","line":360,"loc":{"start":{"line":360,"column":19},"end":{"line":360,"column":34}}},"43":{"name":"(anonymous_43)","line":363,"loc":{"start":{"line":363,"column":20},"end":{"line":363,"column":34}}},"44":{"name":"(anonymous_44)","line":366,"loc":{"start":{"line":366,"column":18},"end":{"line":366,"column":29}}},"45":{"name":"(anonymous_45)","line":369,"loc":{"start":{"line":369,"column":19},"end":{"line":369,"column":30}}},"46":{"name":"(anonymous_46)","line":389,"loc":{"start":{"line":389,"column":28},"end":{"line":389,"column":43}}},"47":{"name":"(anonymous_47)","line":406,"loc":{"start":{"line":406,"column":39},"end":{"line":406,"column":50}}},"48":{"name":"(anonymous_48)","line":499,"loc":{"start":{"line":499,"column":26},"end":{"line":499,"column":68}}},"49":{"name":"(anonymous_49)","line":529,"loc":{"start":{"line":529,"column":26},"end":{"line":529,"column":61}}},"50":{"name":"(anonymous_50)","line":539,"loc":{"start":{"line":539,"column":26},"end":{"line":539,"column":37}}},"51":{"name":"(anonymous_51)","line":542,"loc":{"start":{"line":542,"column":18},"end":{"line":542,"column":29}}},"52":{"name":"(anonymous_52)","line":547,"loc":{"start":{"line":547,"column":22},"end":{"line":547,"column":33}}},"53":{"name":"(anonymous_53)","line":548,"loc":{"start":{"line":548,"column":27},"end":{"line":548,"column":42}}},"54":{"name":"(anonymous_54)","line":549,"loc":{"start":{"line":549,"column":27},"end":{"line":549,"column":42}}},"55":{"name":"(anonymous_55)","line":553,"loc":{"start":{"line":553,"column":26},"end":{"line":553,"column":40}}},"56":{"name":"(anonymous_56)","line":564,"loc":{"start":{"line":564,"column":29},"end":{"line":564,"column":49}}},"57":{"name":"(anonymous_57)","line":583,"loc":{"start":{"line":583,"column":15},"end":{"line":583,"column":27}}},"58":{"name":"(anonymous_58)","line":587,"loc":{"start":{"line":587,"column":24},"end":{"line":587,"column":38}}},"59":{"name":"(anonymous_59)","line":594,"loc":{"start":{"line":594,"column":15},"end":{"line":594,"column":27}}},"60":{"name":"(anonymous_60)","line":598,"loc":{"start":{"line":598,"column":22},"end":{"line":598,"column":33}}},"61":{"name":"(anonymous_61)","line":604,"loc":{"start":{"line":604,"column":31},"end":{"line":604,"column":50}}},"62":{"name":"(anonymous_62)","line":608,"loc":{"start":{"line":608,"column":30},"end":{"line":608,"column":55}}},"63":{"name":"(anonymous_63)","line":613,"loc":{"start":{"line":613,"column":26},"end":{"line":613,"column":37}}},"64":{"name":"(anonymous_64)","line":617,"loc":{"start":{"line":617,"column":30},"end":{"line":617,"column":44}}},"65":{"name":"(anonymous_65)","line":622,"loc":{"start":{"line":622,"column":24},"end":{"line":622,"column":53}}},"66":{"name":"(anonymous_66)","line":626,"loc":{"start":{"line":626,"column":25},"end":{"line":626,"column":43}}},"67":{"name":"(anonymous_67)","line":630,"loc":{"start":{"line":630,"column":24},"end":{"line":630,"column":42}}},"68":{"name":"(anonymous_68)","line":634,"loc":{"start":{"line":634,"column":22},"end":{"line":634,"column":40}}}},"statementMap":{"1":{"start":{"line":5,"column":0},"end":{"line":6,"column":2}},"2":{"start":{"line":11,"column":0},"end":{"line":15,"column":1}},"3":{"start":{"line":13,"column":2},"end":{"line":13,"column":47}},"4":{"start":{"line":13,"column":19},"end":{"line":13,"column":47}},"5":{"start":{"line":13,"column":38},"end":{"line":13,"column":47}},"6":{"start":{"line":14,"column":2},"end":{"line":14,"column":34}},"7":{"start":{"line":17,"column":0},"end":{"line":21,"column":1}},"8":{"start":{"line":18,"column":2},"end":{"line":18,"column":51}},"9":{"start":{"line":18,"column":38},"end":{"line":18,"column":51}},"10":{"start":{"line":19,"column":2},"end":{"line":19,"column":61}},"11":{"start":{"line":19,"column":48},"end":{"line":19,"column":61}},"12":{"start":{"line":20,"column":2},"end":{"line":20,"column":14}},"13":{"start":{"line":23,"column":0},"end":{"line":25,"column":1}},"14":{"start":{"line":24,"column":2},"end":{"line":24,"column":83}},"15":{"start":{"line":27,"column":0},"end":{"line":29,"column":1}},"16":{"start":{"line":28,"column":2},"end":{"line":28,"column":41}},"17":{"start":{"line":31,"column":0},"end":{"line":33,"column":1}},"18":{"start":{"line":32,"column":2},"end":{"line":32,"column":18}},"19":{"start":{"line":36,"column":0},"end":{"line":42,"column":1}},"20":{"start":{"line":37,"column":2},"end":{"line":41,"column":4}},"21":{"start":{"line":44,"column":0},"end":{"line":67,"column":2}},"22":{"start":{"line":69,"column":0},"end":{"line":74,"column":2}},"23":{"start":{"line":76,"column":0},"end":{"line":80,"column":2}},"24":{"start":{"line":82,"column":0},"end":{"line":90,"column":1}},"25":{"start":{"line":83,"column":2},"end":{"line":83,"column":49}},"26":{"start":{"line":84,"column":2},"end":{"line":84,"column":33}},"27":{"start":{"line":85,"column":2},"end":{"line":85,"column":29}},"28":{"start":{"line":86,"column":7},"end":{"line":90,"column":1}},"29":{"start":{"line":87,"column":2},"end":{"line":87,"column":43}},"30":{"start":{"line":88,"column":2},"end":{"line":88,"column":33}},"31":{"start":{"line":89,"column":2},"end":{"line":89,"column":29}},"32":{"start":{"line":95,"column":0},"end":{"line":231,"column":1}},"33":{"start":{"line":97,"column":2},"end":{"line":124,"column":4}},"34":{"start":{"line":98,"column":4},"end":{"line":98,"column":20}},"35":{"start":{"line":100,"column":4},"end":{"line":100,"column":32}},"36":{"start":{"line":101,"column":4},"end":{"line":101,"column":38}},"37":{"start":{"line":102,"column":4},"end":{"line":102,"column":44}},"38":{"start":{"line":103,"column":4},"end":{"line":103,"column":37}},"39":{"start":{"line":105,"column":4},"end":{"line":107,"column":6}},"40":{"start":{"line":106,"column":6},"end":{"line":106,"column":27}},"41":{"start":{"line":109,"column":4},"end":{"line":119,"column":6}},"42":{"start":{"line":110,"column":6},"end":{"line":110,"column":32}},"43":{"start":{"line":111,"column":6},"end":{"line":111,"column":42}},"44":{"start":{"line":112,"column":6},"end":{"line":114,"column":9}},"45":{"start":{"line":113,"column":8},"end":{"line":113,"column":32}},"46":{"start":{"line":115,"column":6},"end":{"line":117,"column":7}},"47":{"start":{"line":116,"column":8},"end":{"line":116,"column":33}},"48":{"start":{"line":118,"column":6},"end":{"line":118,"column":13}},"49":{"start":{"line":121,"column":4},"end":{"line":123,"column":6}},"50":{"start":{"line":126,"column":2},"end":{"line":163,"column":4}},"51":{"start":{"line":127,"column":4},"end":{"line":127,"column":20}},"52":{"start":{"line":129,"column":4},"end":{"line":129,"column":32}},"53":{"start":{"line":130,"column":4},"end":{"line":130,"column":50}},"54":{"start":{"line":131,"column":4},"end":{"line":131,"column":37}},"55":{"start":{"line":133,"column":4},"end":{"line":133,"column":29}},"56":{"start":{"line":135,"column":4},"end":{"line":139,"column":6}},"57":{"start":{"line":136,"column":6},"end":{"line":138,"column":7}},"58":{"start":{"line":137,"column":8},"end":{"line":137,"column":40}},"59":{"start":{"line":141,"column":4},"end":{"line":156,"column":6}},"60":{"start":{"line":142,"column":6},"end":{"line":144,"column":7}},"61":{"start":{"line":143,"column":8},"end":{"line":143,"column":26}},"62":{"start":{"line":145,"column":6},"end":{"line":145,"column":62}},"63":{"start":{"line":146,"column":6},"end":{"line":155,"column":9}},"64":{"start":{"line":147,"column":8},"end":{"line":147,"column":33}},"65":{"start":{"line":148,"column":8},"end":{"line":150,"column":11}},"66":{"start":{"line":149,"column":10},"end":{"line":149,"column":34}},"67":{"start":{"line":151,"column":8},"end":{"line":153,"column":11}},"68":{"start":{"line":152,"column":10},"end":{"line":152,"column":31}},"69":{"start":{"line":154,"column":8},"end":{"line":154,"column":15}},"70":{"start":{"line":158,"column":4},"end":{"line":162,"column":6}},"71":{"start":{"line":159,"column":6},"end":{"line":161,"column":7}},"72":{"start":{"line":160,"column":8},"end":{"line":160,"column":25}},"73":{"start":{"line":165,"column":2},"end":{"line":200,"column":4}},"74":{"start":{"line":166,"column":4},"end":{"line":166,"column":20}},"75":{"start":{"line":167,"column":4},"end":{"line":169,"column":6}},"76":{"start":{"line":168,"column":6},"end":{"line":168,"column":25}},"77":{"start":{"line":170,"column":4},"end":{"line":199,"column":6}},"78":{"start":{"line":171,"column":6},"end":{"line":197,"column":7}},"79":{"start":{"line":174,"column":10},"end":{"line":174,"column":16}},"80":{"start":{"line":176,"column":10},"end":{"line":176,"column":35}},"81":{"start":{"line":177,"column":10},"end":{"line":177,"column":40}},"82":{"start":{"line":178,"column":10},"end":{"line":178,"column":33}},"83":{"start":{"line":179,"column":10},"end":{"line":179,"column":33}},"84":{"start":{"line":180,"column":10},"end":{"line":180,"column":16}},"85":{"start":{"line":182,"column":10},"end":{"line":182,"column":35}},"86":{"start":{"line":183,"column":10},"end":{"line":183,"column":78}},"87":{"start":{"line":184,"column":10},"end":{"line":184,"column":16}},"88":{"start":{"line":186,"column":10},"end":{"line":186,"column":35}},"89":{"start":{"line":187,"column":10},"end":{"line":187,"column":42}},"90":{"start":{"line":188,"column":10},"end":{"line":188,"column":33}},"91":{"start":{"line":189,"column":10},"end":{"line":189,"column":38}},"92":{"start":{"line":190,"column":10},"end":{"line":190,"column":16}},"93":{"start":{"line":192,"column":10},"end":{"line":192,"column":35}},"94":{"start":{"line":193,"column":10},"end":{"line":193,"column":84}},"95":{"start":{"line":194,"column":10},"end":{"line":194,"column":16}},"96":{"start":{"line":196,"column":10},"end":{"line":196,"column":22}},"97":{"start":{"line":198,"column":6},"end":{"line":198,"column":18}},"98":{"start":{"line":202,"column":2},"end":{"line":230,"column":4}},"99":{"start":{"line":203,"column":4},"end":{"line":203,"column":20}},"100":{"start":{"line":204,"column":4},"end":{"line":206,"column":6}},"101":{"start":{"line":205,"column":6},"end":{"line":205,"column":25}},"102":{"start":{"line":207,"column":4},"end":{"line":229,"column":6}},"103":{"start":{"line":208,"column":6},"end":{"line":227,"column":7}},"104":{"start":{"line":211,"column":10},"end":{"line":211,"column":16}},"105":{"start":{"line":213,"column":10},"end":{"line":213,"column":41}},"106":{"start":{"line":214,"column":10},"end":{"line":214,"column":40}},"107":{"start":{"line":215,"column":10},"end":{"line":215,"column":33}},"108":{"start":{"line":216,"column":10},"end":{"line":216,"column":33}},"109":{"start":{"line":217,"column":10},"end":{"line":217,"column":16}},"110":{"start":{"line":219,"column":10},"end":{"line":219,"column":41}},"111":{"start":{"line":220,"column":10},"end":{"line":220,"column":78}},"112":{"start":{"line":221,"column":10},"end":{"line":221,"column":16}},"113":{"start":{"line":224,"column":10},"end":{"line":224,"column":16}},"114":{"start":{"line":226,"column":10},"end":{"line":226,"column":22}},"115":{"start":{"line":228,"column":6},"end":{"line":228,"column":18}},"116":{"start":{"line":237,"column":0},"end":{"line":252,"column":2}},"117":{"start":{"line":238,"column":2},"end":{"line":238,"column":33}},"118":{"start":{"line":239,"column":2},"end":{"line":251,"column":4}},"119":{"start":{"line":240,"column":4},"end":{"line":250,"column":5}},"120":{"start":{"line":242,"column":6},"end":{"line":242,"column":18}},"121":{"start":{"line":247,"column":6},"end":{"line":247,"column":57}},"122":{"start":{"line":248,"column":6},"end":{"line":248,"column":70}},"123":{"start":{"line":249,"column":6},"end":{"line":249,"column":18}},"124":{"start":{"line":258,"column":0},"end":{"line":383,"column":2}},"125":{"start":{"line":259,"column":2},"end":{"line":259,"column":18}},"126":{"start":{"line":260,"column":2},"end":{"line":262,"column":3}},"127":{"start":{"line":261,"column":4},"end":{"line":261,"column":35}},"128":{"start":{"line":264,"column":2},"end":{"line":264,"column":19}},"129":{"start":{"line":265,"column":2},"end":{"line":265,"column":30}},"130":{"start":{"line":266,"column":2},"end":{"line":266,"column":50}},"131":{"start":{"line":269,"column":2},"end":{"line":289,"column":3}},"132":{"start":{"line":270,"column":4},"end":{"line":270,"column":31}},"133":{"start":{"line":271,"column":9},"end":{"line":289,"column":3}},"134":{"start":{"line":272,"column":4},"end":{"line":272,"column":41}},"135":{"start":{"line":273,"column":9},"end":{"line":289,"column":3}},"136":{"start":{"line":274,"column":4},"end":{"line":274,"column":34}},"137":{"start":{"line":276,"column":4},"end":{"line":288,"column":7}},"138":{"start":{"line":281,"column":6},"end":{"line":287,"column":7}},"139":{"start":{"line":282,"column":8},"end":{"line":282,"column":29}},"140":{"start":{"line":283,"column":8},"end":{"line":283,"column":20}},"141":{"start":{"line":286,"column":8},"end":{"line":286,"column":21}},"142":{"start":{"line":290,"column":2},"end":{"line":290,"column":24}},"143":{"start":{"line":293,"column":2},"end":{"line":301,"column":3}},"144":{"start":{"line":294,"column":4},"end":{"line":294,"column":34}},"145":{"start":{"line":295,"column":9},"end":{"line":301,"column":3}},"146":{"start":{"line":296,"column":4},"end":{"line":296,"column":41}},"147":{"start":{"line":297,"column":9},"end":{"line":301,"column":3}},"148":{"start":{"line":298,"column":4},"end":{"line":298,"column":49}},"149":{"start":{"line":300,"column":4},"end":{"line":300,"column":47}},"150":{"start":{"line":303,"column":2},"end":{"line":303,"column":20}},"151":{"start":{"line":304,"column":2},"end":{"line":304,"column":18}},"152":{"start":{"line":305,"column":2},"end":{"line":305,"column":18}},"153":{"start":{"line":306,"column":2},"end":{"line":306,"column":33}},"154":{"start":{"line":308,"column":2},"end":{"line":318,"column":4}},"155":{"start":{"line":309,"column":4},"end":{"line":311,"column":5}},"156":{"start":{"line":310,"column":6},"end":{"line":310,"column":37}},"157":{"start":{"line":312,"column":4},"end":{"line":312,"column":20}},"158":{"start":{"line":313,"column":4},"end":{"line":313,"column":28}},"159":{"start":{"line":315,"column":4},"end":{"line":317,"column":6}},"160":{"start":{"line":316,"column":6},"end":{"line":316,"column":41}},"161":{"start":{"line":320,"column":2},"end":{"line":335,"column":4}},"162":{"start":{"line":321,"column":4},"end":{"line":321,"column":20}},"163":{"start":{"line":323,"column":4},"end":{"line":325,"column":6}},"164":{"start":{"line":324,"column":6},"end":{"line":324,"column":59}},"165":{"start":{"line":326,"column":4},"end":{"line":328,"column":6}},"166":{"start":{"line":327,"column":6},"end":{"line":327,"column":63}},"167":{"start":{"line":329,"column":4},"end":{"line":331,"column":6}},"168":{"start":{"line":330,"column":6},"end":{"line":330,"column":63}},"169":{"start":{"line":332,"column":4},"end":{"line":334,"column":6}},"170":{"start":{"line":333,"column":6},"end":{"line":333,"column":70}},"171":{"start":{"line":337,"column":2},"end":{"line":347,"column":4}},"172":{"start":{"line":338,"column":4},"end":{"line":340,"column":5}},"173":{"start":{"line":339,"column":6},"end":{"line":339,"column":37}},"174":{"start":{"line":341,"column":4},"end":{"line":341,"column":20}},"175":{"start":{"line":342,"column":4},"end":{"line":342,"column":28}},"176":{"start":{"line":344,"column":4},"end":{"line":346,"column":6}},"177":{"start":{"line":345,"column":6},"end":{"line":345,"column":40}},"178":{"start":{"line":349,"column":2},"end":{"line":358,"column":4}},"179":{"start":{"line":350,"column":4},"end":{"line":350,"column":20}},"180":{"start":{"line":352,"column":4},"end":{"line":354,"column":6}},"181":{"start":{"line":353,"column":6},"end":{"line":353,"column":41}},"182":{"start":{"line":355,"column":4},"end":{"line":357,"column":6}},"183":{"start":{"line":356,"column":6},"end":{"line":356,"column":65}},"184":{"start":{"line":360,"column":2},"end":{"line":372,"column":4}},"185":{"start":{"line":361,"column":4},"end":{"line":361,"column":20}},"186":{"start":{"line":363,"column":4},"end":{"line":365,"column":6}},"187":{"start":{"line":364,"column":6},"end":{"line":364,"column":39}},"188":{"start":{"line":366,"column":4},"end":{"line":368,"column":6}},"189":{"start":{"line":367,"column":6},"end":{"line":367,"column":39}},"190":{"start":{"line":369,"column":4},"end":{"line":371,"column":6}},"191":{"start":{"line":370,"column":6},"end":{"line":370,"column":37}},"192":{"start":{"line":374,"column":2},"end":{"line":378,"column":3}},"193":{"start":{"line":375,"column":4},"end":{"line":375,"column":56}},"194":{"start":{"line":376,"column":4},"end":{"line":376,"column":58}},"195":{"start":{"line":377,"column":4},"end":{"line":377,"column":60}},"196":{"start":{"line":380,"column":2},"end":{"line":382,"column":3}},"197":{"start":{"line":381,"column":4},"end":{"line":381,"column":19}},"198":{"start":{"line":385,"column":0},"end":{"line":387,"column":1}},"199":{"start":{"line":386,"column":2},"end":{"line":386,"column":44}},"200":{"start":{"line":389,"column":0},"end":{"line":497,"column":2}},"201":{"start":{"line":390,"column":2},"end":{"line":390,"column":18}},"202":{"start":{"line":391,"column":2},"end":{"line":391,"column":23}},"203":{"start":{"line":392,"column":2},"end":{"line":496,"column":3}},"204":{"start":{"line":393,"column":4},"end":{"line":393,"column":46}},"205":{"start":{"line":394,"column":4},"end":{"line":394,"column":80}},"206":{"start":{"line":395,"column":4},"end":{"line":395,"column":80}},"207":{"start":{"line":397,"column":4},"end":{"line":397,"column":52}},"208":{"start":{"line":397,"column":25},"end":{"line":397,"column":50}},"209":{"start":{"line":399,"column":4},"end":{"line":433,"column":5}},"210":{"start":{"line":401,"column":6},"end":{"line":430,"column":7}},"211":{"start":{"line":402,"column":8},"end":{"line":429,"column":9}},"212":{"start":{"line":403,"column":10},"end":{"line":428,"column":11}},"213":{"start":{"line":404,"column":12},"end":{"line":404,"column":42}},"214":{"start":{"line":405,"column":12},"end":{"line":405,"column":34}},"215":{"start":{"line":406,"column":12},"end":{"line":409,"column":31}},"216":{"start":{"line":408,"column":14},"end":{"line":408,"column":41}},"217":{"start":{"line":410,"column":12},"end":{"line":410,"column":38}},"218":{"start":{"line":411,"column":12},"end":{"line":411,"column":74}},"219":{"start":{"line":412,"column":12},"end":{"line":412,"column":33}},"220":{"start":{"line":414,"column":12},"end":{"line":414,"column":80}},"221":{"start":{"line":416,"column":12},"end":{"line":427,"column":13}},"222":{"start":{"line":418,"column":14},"end":{"line":418,"column":69}},"223":{"start":{"line":420,"column":14},"end":{"line":420,"column":32}},"224":{"start":{"line":421,"column":14},"end":{"line":426,"column":15}},"225":{"start":{"line":423,"column":16},"end":{"line":423,"column":48}},"226":{"start":{"line":424,"column":16},"end":{"line":424,"column":46}},"227":{"start":{"line":425,"column":16},"end":{"line":425,"column":38}},"228":{"start":{"line":431,"column":6},"end":{"line":431,"column":44}},"229":{"start":{"line":432,"column":6},"end":{"line":432,"column":15}},"230":{"start":{"line":435,"column":4},"end":{"line":435,"column":54}},"231":{"start":{"line":435,"column":27},"end":{"line":435,"column":52}},"232":{"start":{"line":436,"column":4},"end":{"line":438,"column":5}},"233":{"start":{"line":437,"column":6},"end":{"line":437,"column":13}},"234":{"start":{"line":439,"column":4},"end":{"line":439,"column":61}},"235":{"start":{"line":440,"column":4},"end":{"line":440,"column":50}},"236":{"start":{"line":448,"column":4},"end":{"line":495,"column":5}},"237":{"start":{"line":451,"column":6},"end":{"line":451,"column":54}},"238":{"start":{"line":452,"column":11},"end":{"line":495,"column":5}},"239":{"start":{"line":453,"column":6},"end":{"line":453,"column":75}},"240":{"start":{"line":454,"column":11},"end":{"line":495,"column":5}},"241":{"start":{"line":455,"column":6},"end":{"line":455,"column":81}},"242":{"start":{"line":456,"column":11},"end":{"line":495,"column":5}},"243":{"start":{"line":459,"column":6},"end":{"line":474,"column":7}},"244":{"start":{"line":460,"column":8},"end":{"line":460,"column":38}},"245":{"start":{"line":461,"column":8},"end":{"line":463,"column":9}},"246":{"start":{"line":462,"column":10},"end":{"line":462,"column":57}},"247":{"start":{"line":464,"column":13},"end":{"line":474,"column":7}},"248":{"start":{"line":465,"column":8},"end":{"line":465,"column":38}},"249":{"start":{"line":466,"column":8},"end":{"line":468,"column":9}},"250":{"start":{"line":467,"column":10},"end":{"line":467,"column":39}},"251":{"start":{"line":469,"column":13},"end":{"line":474,"column":7}},"252":{"start":{"line":472,"column":8},"end":{"line":472,"column":48}},"253":{"start":{"line":475,"column":11},"end":{"line":495,"column":5}},"254":{"start":{"line":476,"column":6},"end":{"line":476,"column":33}},"255":{"start":{"line":477,"column":6},"end":{"line":479,"colum
[...]
, msg_type), msg_id, string_of_enum(MsgStatus, msg_len));","      if (!self.profile) {","        if (self.timerConn && msg_id === 1) {","          if (msg_len === MsgStatus.OK || msg_len === MsgStatus.ALREADY_REGISTERED) {","            clearInterval(self.timerConn);","            self.timerConn = null;","            self.timerHb = setInterval(function() {","              //console.log('Heartbeat');","              self.sendMsg(MsgType.PING);","            }, self.heartbeat);","            console.log('Authorized');","            self.sendMsg(MsgType.INTERNAL, ['ver', '0.4.7', 'dev', 'espruino']);","            self.emit('connect');","          } else {","            //if invalid token, no point in trying to reconnect","            if (msg_len === MsgStatus.INVALID_TOKEN) {","              //letting main app know why we failed","              self.emit('error', \"error: \" + msg_len);","              //console.log('Disconnecting because of invalid token');","              self.disconnect();","              if(self.timerConn) {","                //clear connecting timer","                console.log('clear conn timer');","                clearInterval(self.timerConn);","                self.timerConn = null;","              }","            }","          }","        }","      }","      self.buff_in = self.buff_in.substr(5);","      continue;","    }","","    if (msg_len > 1024)  { return self.disconnect(); }","    if (self.buff_in.length < msg_len+5) {","      return;","    }","    var values = self.buff_in.substr(5, msg_len).split('\\0');","    self.buff_in = self.buff_in.substr(msg_len+5);","","    /*if (msg_len) {","      console.log('> ', string_of_enum(MsgType, msg_type), msg_id, msg_len, values.join('|'));","    } else {","      console.log('> ', string_of_enum(MsgType, msg_type), msg_id, msg_len);","    }*/","","    if (msg_type === MsgType.LOGIN ||","        msg_type === MsgType.PING)","    {","      self.sendRsp(MsgType.RSP, msg_id, MsgStatus.OK);","    } else if (msg_type === MsgType.HW ||","               msg_type === MsgType.BRIDGE)","    {","      if (values[0] === 'vw') {","        var pin = parseInt(values[1]);","        if (self.vpins[pin]) {","          self.vpins[pin].emit('write', values.slice(2));","        }","      } else if (values[0] === 'vr') {","        var pin = parseInt(values[1]);","        if (self.vpins[pin]) {","          self.vpins[pin].emit('read');","        }","      } else if (self.board.process(values)) {","","      } else {","        console.log('Invalid cmd: ', values[0]);","        //self.sendRsp(MsgType.RSP, msg_id, MsgStatus.ILLEGAL_COMMAND);","      }","    } else if (msg_type === MsgType.REDIRECT) {","      self.conn.addr = values[0];","      if (values[1]) {","        self.conn.port = parseInt(values[1]);","      }","      console.log('Redirecting to ', self.conn.addr, ':', self.conn.port);","      self.disconnect();","    } else if (msg_type === MsgType.DEBUG_PRINT) {","      console.log('Server: ', values[0]);","    } else {","      console.log('Invalid msg type: ', msg_type);","      self.sendRsp(MsgType.RSP, msg_id, MsgStatus.ILLEGAL_COMMAND);","    }","  } // end while","};","","Blynk.prototype.sendRsp = function(msg_type, msg_id, msg_len, data) {","  var self = this;","  data = data || \"\";","  msg_id = msg_id || (self.msg_id++);","  if (msg_type == MsgType.RSP) {","    //console.log('< ', string_of_enum(MsgType, msg_type), msg_id, string_of_enum(MsgStatus, msg_len));","    data = blynkHeader(msg_type, msg_id, msg_len)","  } else {","    /*if (msg_len) {","      console.log('< ', string_of_enum(MsgType, msg_type), msg_id, msg_len, data.split('\\0').join('|'));","    } else {","      console.log('< ', string_of_enum(MsgType, msg_type), msg_id, msg_len);","    }*/","    data = blynkHeader(msg_type, msg_id, msg_len) + data;","  }","","  self.conn.write(data)","};","","Blynk.prototype.sendMsg = function(msg_type, values, msg_id) {","  var values = values || [''];","  var data = values.join('\\0');","  this.sendRsp(msg_type, msg_id, data.length, data);","};","","/*","  * API","  */","","Blynk.prototype.connect = function() {","  var self = this;","","  var doConnect = function() {","    if(self.conn) {","      //cleanup events","      self.conn.removeAllListeners();","    }","    self.conn.connect(function() {","      self.conn.on('data', function(data) { self.onReceive(data);     });","      self.conn.on('end',  function()     { self.end();               });","","      self.sendRsp(MsgType.LOGIN, 1, self.auth.length, self.auth);","    });","    self.conn.on('error', function(err) { self.error(err);            });","  };","","  if (self.profile) {","    doConnect();","  } else {","    self.timerConn = setInterval(doConnect, 10000);","    doConnect();","  }","};","","Blynk.prototype.disconnect = function(reconnect) {","  console.log('Disconnect blynk');","  if(typeof reconnect === 'undefined' ) {","    reconnect = true;","  }","","  var self = this;","  this.conn.disconnect();","  if (this.timerHb) {","    clearInterval(this.timerHb);","    this.timerHb = null;","  }","  this.emit('disconnect');","  //cleanup to avoid multiplying listeners","  this.conn.removeAllListeners();","","  //starting reconnect procedure if not already in connecting loop and reconnect is true","  if(reconnect && !self.timerConn) {","    console.log(\"REARMING DISCONNECT\");","    setTimeout(function () {self.connect()}, 5000);","  }","};","","Blynk.prototype.error = function(err) {","  var self = this;","  //if we throw error and user doesn't handle it, app crashes. is it worth it?","  this.emit('error', err.code?err.code:'ERROR');","  console.error('Error', err.code);","  //starting reconnect procedure if not already in connecting loop","  if(!self.timerConn) {","    setTimeout(function () {self.connect()}, 5000);","  }","};","","Blynk.prototype.end = function() {","  var self = this;","  self.disconnect();","};","","","Blynk.prototype.virtualWrite = function(pin, val) {","  this.sendMsg(MsgType.HW, ['vw', pin].concat(val));","};","","Blynk.prototype.setProperty = function(pin, prop, val) {","  this.sendMsg(MsgType.PROPERTY, [pin, prop].concat(val));","};","","","Blynk.prototype.syncAll = function() {","  this.sendMsg(MsgType.HW_SYNC);","};","","Blynk.prototype.syncVirtual = function(pin) {","  this.sendMsg(MsgType.HW_SYNC, ['vr', pin]);","};","","","Blynk.prototype.email = function(to, topic, message) {","  this.sendMsg(MsgType.EMAIL, [to, topic, message]);","};","","Blynk.prototype.notify = function(message) {","  this.sendMsg(MsgType.NOTIFY, [message]);","};","","Blynk.prototype.tweet = function(message) {","  this.sendMsg(MsgType.TWEET, [message]);","};","","Blynk.prototype.sms = function(message) {","  this.sendMsg(MsgType.SMS, [message]);","};","","exports.Blynk = Blynk;",""],"l":{"3":1,"5":0,"6":0,"9":1,"10":0,"17":1,"35":1,"42":1,"48":1,"49":0,"51":0,"52":0,"53":0,"55":0,"57":0,"58":0,"59":0,"63":0,"64":0,"65":0,"67":0,"68":0,"69":0,"70":0,"71":0,"73":0,"74":0,"76":0,"80":0,"81":0,"82":0,"87":1,"88":0,"89":0,"90":0,"92":0,"93":0,"96":0,"98":0,"99":0,"100":0,"101":0,"102":0,"104":0,"105":0,"106":0,"108":0,"109":0,"110":0,"111":0,"112":0,"114":0,"115":0,"116":0,"118":0,"120":0,"128":1,"129":0,"131":0,"132":0,"133":0,"136":0,"137":0,"139":0,"141":0,"144":0,"145":0,"147":0,"150":0,"151":0,"152":0,"153":0,"155":0,"156":0,"157":0,"159":0,"160":0,"164":0,"165":0,"167":0,"168":0,"170":0,"171":0,"173":0,"174":0,"176":0,"177":0,"181":0,"182":0,"183":0,"185":0,"186":0,"188":0,"189":0,"193":0,"194":0,"196":0,"197":0,"199":0,"200":0,"204":0,"205":0,"207":0,"208":0,"210":0,"211":0,"213":0,"214":0,"218":0,"219":0,"224":1,"225":0,"226":0,"227":0,"228":0,"229":0,"230":0,"232":0,"234":0,"236":0,"237":0,"238":0,"239":0,"240":0,"241":0,"243":0,"245":0,"246":0,"247":0,"250":0,"252":0,"254":0,"255":0,"257":0,"258":0,"259":0,"265":0,"266":0,"269":0,"270":0,"271":0,"273":0,"274":0,"282":0,"285":0,"286":0,"289":0,"290":0,"291":0,"292":0,"294":0,"295":0,"296":0,"297":0,"299":0,"302":0,"305":0,"306":0,"307":0,"308":0,"310":0,"311":0,"312":0,"313":0,"315":0,"316":0,"321":1,"322":0,"323":0,"324":0,"325":0,"327":0,"334":0,"337":0,"340":1,"341":0,"342":0,"343":0,"350":1,"351":0,"353":0,"354":0,"356":0,"358":0,"359":0,"360":0,"362":0,"364":0,"367":0,"368":0,"370":0,"371":0,"375":1,"376":0,"377":0,"378":0,"381":0,"382":0,"383":0,"384":0,"385":0,"387":0,"389":0,"392":0,"393":0,"394":0,"398":1,"399":0,"401":0,"402":0,"404":0,"405":0,"409":1,"410":0,"411":0,"415":1,"416":0,"419":1,"420":0,"424":1,"425":0,"428":1,"429":0,"433":1,"434":0,"437":1,"438":0,"441":1,"442":0,"445":1,"446":0,"449":1}},"/home/travis/build/npmtest/node-npmtest-blynk-library/node_modules/blynk-library/bin/blynk-client.js":{"path":"/home/travis/build/npmtest/node-npmtest-blynk-library/node_modules/blynk-library/bin/blynk-client.js","s":{"1":2,"2":2,"3":2,"4":2,"5":2,"6":0,"7":0},"b":{"1":[2,0]},"f":{"1":0},"fnMap":{"1":{"name":"(anonymous_1)","line":12,"loc":{"start":{"line":12,"column":20},"end":{"line":12,"column":31}}}},"statementMap":{"1":{"start":{"line":3,"column":0},"end":{"line":3,"column":27}},"2":{"start":{"line":5,"column":0},"end":{"line":8,"column":1}},"3":{"start":{"line":6,"column":2},"end":{"line":6,"column":44}},"4":{"start":{"line":7,"column":2},"end":{"line":7,"column":18}},"5":{"start":{"line":10,"column":0},"end":{"line":10,"column":45}},"6":{"start":{"line":12,"column":0},"end":{"line":14,"column":3}},"7":{"start":{"line":13,"column":2},"end":{"line":13,"column":30}}},"branchMap":{"1":{"line":5,"type":"if","locations":[{"start":{"line":5,"column":0},"end":{"line":5,"column":0}},{"start":{"line":5,"column":0},"end":{"line":5,"column":0}}]}},"code":["//#!/usr/bin/env node","","var Blynk = require(\"../\");","","if (!process.argv[2]) {","  console.log(\"Please specify auth token.\");","  process.exit(1);","}","","var blynk = new Blynk.Blynk(process.argv[2]);","","blynk.on('connect', function() {","  console.log(\"Blynk ready.\");","});",""],"l":{"3":2,"5":2,"6":2,"7":2,"10":2,"12":0,"13":0}},"/home/travis/build/npmtest/node-npmtest-blynk-library/node_modules/blynk-library/bin/blynk-ctrl.js":{"path":"/home/travis/build/npmtest/node-npmtest-blynk-library/node_modules/blynk-library/bin/blynk-ctrl.js","s":{"1":2,"2":0,"3":0,"4":1,"5":0,"6":0,"7":0,"8":0,"9":0,"10":0,"11":0,"12":0,"13":0,"14":0,"15":0,"16":0,"17":0,"18":0,"19":0,"20":0,"21":0,"22":0,"23":0,"24":0,"25":0,"26":0,"27":0,"28":0,"29":0,"30":0,"31":0,"32":0,"33":0,"34":0,"35":0,"36":0,"37":0,"38":0,"39":0,"40":0,"41":0,"42":0,"43":0,"44":0,"45":0,"46":0,"47":0,"48":0,"49":0,"50":0,"51":0,"52":0,"53":0},"b":{"1":[0,0],"2":[0,0],"3":[0,0],"4":[0,0],"5":[0,0],"6":[0,0,0,0,0,0]},"f":{"1":0,"2":0,"3":0,"4":0,"5":0},"fnMap":{"1":{"name":"GetActionOp","line":13,"loc":{"start":{"line":13,"column":0},"end":{"line":13,"column":42}}},"2":{"name":"(anonymous_2)","line":15,"loc":{"start":{"line":15,"column":17},"end":{"line":15,"column":36}}},"3":{"name":"(anonymous_3)","line":21,"loc":{"start":{"line":21,"column":28},"end":{"line":21,"column":65}}},"4":{"name":"(anonymous_4)","line":67,"loc":{"start":{"line":67,"column":20},"end":{"line":67,"column":31}}},"5":{"name":"(anonymous_5)","line":69,"loc":{"start":{"line":69,"column":19},"end":{"line":69,"column":32}}}},"statementMap":{"1":{"start":{"line":4,"column":0},"end":{"line":4,"column":35}},"2":{"start":{"line":5,"column":0},"end":{"line":5,"column":27}},"3":{"start":{"line":7,"column":0},"end":{"line":10,"column":3}},"4":{"start":{"line":13,"column":0},"end":{"line":38,"column":1}},"5":{"start":{"line":14,"column":2},"end":{"line":14,"column":25}},"6":{"start":{"line":15,"column":2},"end":{"line":18,"column":4}},"7":{"start":{"line":16,"column":4},"end":{"line":16,"column":28}},"8":{"start":{"line":17,"column":4},"end":{"line":17,"column":40}},"9":{"start":{"line":19,"column":2},"end":{"line":19,"column":43}},"10":{"start":{"line":21,"column":2},"end":{"line":36,"column":4}},"11":{"start":{"line":22,"column":4},"end":{"line":24,"column":5}},"12":{"start":{"line":23,"column":6},"end":{"line":23,"column":47}},"13":{"start":{"line":26,"column":4},"end":{"line":26,"column":49}},"14":{"start":{"line":27,"column":4},"end":{"line":34,"column":5}},"15":{"start":{"line":28,"column":6},"end":{"line":28,"column":26}},"16":{"start":{"line":29,"column":6},"end":{"line":31,"column":7}},"17":{"start":{"line":30,"column":8},"end":{"line":30,"column":48}},"18":{"start":{"line":33,"column":6},"end":{"line":33,"column":38}},"19":{"start":{"line":35,"column":4},"end":{"line":35,"column":32}},"20":{"start":{"line":37,"column":2},"end":{"line":37,"column":18}},"21":{"start":{"line":40,"column":0},"end":{"line":40,"column":133}},"22":{"start":{"line":42,"column":0},"end":{"line":42,"column":123}},"23":{"start":{"line":43,"column":0},"end":{"line":43,"column":123}},"24":{"start":{"line":44,"column":0},"end":{"line":44,"column":124}},"25":{"start":{"line":46,"column":0},"end":{"line":46,"column":105}},"26":{"start":{"line":47,"column":0},"end":{"line":47,"column":105}},"27":{"start":{"line":48,"column":0},"end":{"line":48,"column":105}},"28":{"start":{"line":50,"column":0},"end":{"line":50,"column":121}},"29":{"start":{"line":52,"column":0},"end":{"line":52,"column":148}},"30":{"start":{"line":54,"column":0},"end":{"line":54,"column":134}},"31":{"start":{"line":55,"column":0},"end":{"line":55,"column":116}},"32":{"start":{"line":56,"column":0},"end":{"line":56,"column":136}},"33":{"start":{"line":57,"column":0},"end":{"line":57,"column":123}},"34":{"start":{"line":60,"column":0},"end":{"line":60,"column":30}},"35":{"start":{"line":63,"column":0},"end":{"line":63,"column":27}},"36":{"start":{"line":64,"column":0},"end":{"line":64,"column":43}},"37":{"start":{"line":65,"column":0},"end":{"line":65,"column":40}},"38":{"start":{"line":67,"column":0},"end":{"line":79,"column":3}},"39":{"start":{"line":68,"column":2},"end":{"line":68,"column":37}},"40":{"start":{"line":69,"column":2},"end":{"line":78,"column":5}},"41":{"start":{"line":70,"column":4},"end":{"line":77,"column":5}},"42":{"start":{"line":71,"column":15},"end":{"line":71,"column":49}},"43":{"start":{"line":71,"column":51},"end":{"line":71,"column":57}},"44":{"start":{"line":72,"column":15},"end":{"line":72,"column":49}},"45":{"start":{"line":72,"column":51},"end":{"line":72,"column":57}},"46":{"start":{"line":73,"column":15},"end":{"line":73,"column":55}},"47":{"start":{"line":73,"column":57},"end":{"line":73,"column":63}},"48":{"start":{"line":74,"column":15},"end":{"line":74,"column":40}},"49":{"start":{"line":74,"column":51},"end":{"line":74,"column":57}},"50":{"start":{"line":75,"column":15},"end":{"line":75,"column":40}},"51":{"start":{"line":75,"column":51},"end":{"line":75,"column":57}},"52":{"start":{"line":76,"column":15},"end":{"line":76,"column":40}},"53":{"start":{"line":76,"column":51},"end":{"line":76,"column":57}}},"branchMap":{"1":{"line":14,"type":"binary-expr","locations":[{"start":{"line":14,"column":12},"end":{"line":14,"column":19}},{"start":{"line":14,"column":23},"end":{"line":14,"column":24}}]},"2":{"line":16,"type":"binary-expr","locations":[{"start":{"line":16,"column":14},"end":{"line":16,"column":21}},{"start":{"line":16,"column":25},"end":{"line":16,"column":27}}]},"3":{"line":22,"type":"if","locations":[{"start":{"line":22,"column":4},"end":{"line":22,"column":4}},{"start":{"line":22,"column":4},"end":{"line":22,"column":4}}]},"4":{"line":26,"type":"binary-expr","locations":[{"start":{"line":26,"column":26},"end":{"line":26,"column":42}},{"start":{"line":26,"column":46},"end":{"line":26,"column":48}}]},"5":{"line":27,"type":"if","locations":[{"start":{"line":27,"column":4},"end":{"line":27,"column":4}},{"start":{"line":27,"column":4},"end":{"line":27,"column":4}}]},"6":{"line":70,"type":"switch","locations":[{"start":{"line":71,"column":4},"end":{"line":71,"column":57}},{"start":{"line":72,"column":4},"end":{"line":72,"column":57}},{"start":{"line":73,"column":4},"end":{"line":73,"column":63}},{"start":{"line":74,"column":4},"end":{"line":74,"column":57}},{"start":{"line":75,"column":4},"end":{"line":75,"column":57}},{"start":{"line":76,"column":4},"end":{"line":76,"column":57}}]}},"code":["//#!/usr/bin/env node","'use strict';","","var argparse = require('argparse');","var util = require('util');","","var parser = new argparse.ArgumentParser({","  addHelp: true,","  description: 'This script uses Bridge feature to control another device from the command line.'","});","","","function GetActionOp(op, expand, minargs) {","  minargs = minargs || 1;","  var ActionOp = function (options) {","    options = options || {};","    argparse.Action.call(this, options);","  };","  util.inherits(ActionOp, argparse.Action);","","  ActionOp.prototype.call = function (parser, namespace, values) {","    if (values.length < minargs) {","      throw new Error('not enough parameters');","    }","    ","    var items = [].concat(namespace['ops'] || [])","    if (expand) {","      var pin = values[0];","      for (var i=1; i<values.length; i++) {","        items.push([op].concat(pin, values[i]));","      }","    } else {","      items.push([op].concat(values));","    }","    namespace.set('ops', items);","  };","  return ActionOp;","};","","parser.addArgument(['-t', '--token'],  { action:\"store\",      dest:'token', required:true,    help:'Auth token of the controller' });","","parser.addArgument([ '-dw', '--digitalWrite' ], { action: GetActionOp('dw', true, 2), nargs:'*', metavar:['PIN', 'VAL'] });","parser.addArgument([ '-aw',  '--analogWrite' ], { action: GetActionOp('aw', true, 2), nargs:'*', metavar:['PIN', 'VAL'] });","parser.addArgument([ '-vw', '--virtualWrite' ], { action: GetActionOp('vw', false, 2), nargs:'*', metavar:['PIN', 'VAL'] });","","parser.addArgument([ '-dr', '--digitalRead' ],  { action: GetActionOp('dr'), nargs:1, metavar:['PIN'] });","parser.addArgument([ '-ar',  '--analogRead' ],  { action: GetActionOp('ar'), nargs:1, metavar:['PIN'] });","parser.addArgument([ '-vr', '--virtualRead' ],  { action: GetActionOp('vr'), nargs:1, metavar:['PIN'] });","","parser.addArgument(['--delay'],                 { action: GetActionOp('delay'), nargs:1, type:'float', metavar:'SECs' });","","parser.addArgument(['--delayAll'],     { action:\"store\",      dest:'delayAll', type:'float', metavar:'SECs', help:'Delay between all operations' });","","parser.addArgument(['-s', '--server'], { action:'store',      dest:'server',                  help:'Server address or domain name' });","parser.addArgument(['-p', '--port'],   { action:\"store\",      dest:'port',   type:'int',      help:'Server port' });","parser.addArgument(['--target'],       { action:\"store\",      dest:'target', metavar:\"TOKEN\", help:'Auth token of the target device' });","parser.addArgument(['--dump'],         { action:\"storeTrue\",  dest:'dump',                    help:'Dump communication' });","","","var args = parser.parseArgs();","//console.dir(args);","","var Blynk = require(\"../\");","var blynk = new Blynk.Blynk(args['token']);","var bridge = new blynk.WidgetBridge(64);","","blynk.on('connect', function() {","  bridge.setAuthToken(args['token']);","  args.ops.forEach(function(op) {","    switch(op[0]) {","    case 'dw': bridge.digitalWrite(op[1], op[2]);  break;","    case 'aw': bridge.analogWrite (op[1], op[2]);  break;","    case 'vw': bridge.virtualWrite(op[1], op.slice(2));  break;","    case 'dr': blynk.syncDigital(op[1]);           break;","    case 'ar': blynk.syncAnalog (op[1]);           break;","    case 'vr': blynk.syncVirtual(op[1]);           break;","    }","  });","});",""],"l":{"4":2,"5":0,"7":0,"13":1,"14":0,"15":0,"16":0,"17":0,"19":0,"21":0,"22":0,"23":0,"26":0,"27":0,"28":0,"29":0,"30":0,"33":0,"35":0,"37":0,"40":0,"42":0,"43":0,"44":0,"46":0,"47":0,"48":0,"50":0,"52":0,"54":0,"55":0,"56":0,"57":0,"60":0,"63":0,"64":0,"65":0,"67":0,"68":0,"69":0,"70":0,"71":0,"72":0,"73":0,"74":0,"75":0,"76":0}}}